2025-03-11 00:15:08,537 DEBUG    root            Loaded Command Group: ['gcloud', 'components']
2025-03-11 00:15:08,539 DEBUG    root            Loaded Command Group: ['gcloud', 'components', 'update']
2025-03-11 00:15:08,540 DEBUG    root            Running [gcloud.components.update] with arguments: [--quiet: "True"]
2025-03-11 00:15:08,619 INFO     ___FILE_ONLY___ Beginning update. This process may take several minutes.

2025-03-11 00:15:08,636 DEBUG    urllib3.connectionpool Starting new HTTPS connection (1): dl.google.com:443
2025-03-11 00:15:08,787 DEBUG    urllib3.connectionpool https://dl.google.com:443 "GET /dl/cloudsdk/channels/rapid/components-2.json HTTP/11" 200 226132
2025-03-11 00:15:08,853 INFO     ___FILE_ONLY___ 

2025-03-11 00:15:08,853 INFO     ___FILE_ONLY___ 
Your current Google Cloud CLI version is: 512.0.0

2025-03-11 00:15:08,853 INFO     ___FILE_ONLY___ You will be upgraded to version: 513.0.0

2025-03-11 00:15:08,853 INFO     ___FILE_ONLY___ 

2025-03-11 00:15:08,854 DEBUG    root            Chosen display Format:table[box,title="These components will be removed."](details.display_name:label=Name:align=left,version.version_string:label=Version:align=right,data.size.size(zero="",min=1048576):label=Size:align=right)
2025-03-11 00:15:08,854 DEBUG    root            Chosen display Format:table[box,title="These components will be updated."](details.display_name:label=Name:align=left,version.version_string:label=Version:align=right,data.size.size(zero="",min=1048576):label=Size:align=right)
2025-03-11 00:15:08,869 INFO     ___FILE_ONLY___ ┌─────────────────────────────────────────────────────────┐
2025-03-11 00:15:08,869 INFO     ___FILE_ONLY___ 

2025-03-11 00:15:08,869 INFO     ___FILE_ONLY___ │            These components will be updated.            │
2025-03-11 00:15:08,869 INFO     ___FILE_ONLY___ 

2025-03-11 00:15:08,869 INFO     ___FILE_ONLY___ ├─────────────────────────────────┬────────────┬──────────┤
2025-03-11 00:15:08,869 INFO     ___FILE_ONLY___ 

2025-03-11 00:15:08,869 INFO     ___FILE_ONLY___ │               Name              │  Version   │   Size   │
2025-03-11 00:15:08,869 INFO     ___FILE_ONLY___ 

2025-03-11 00:15:08,869 INFO     ___FILE_ONLY___ ├─────────────────────────────────┼────────────┼──────────┤
2025-03-11 00:15:08,869 INFO     ___FILE_ONLY___ 

2025-03-11 00:15:08,869 INFO     ___FILE_ONLY___ │ 
2025-03-11 00:15:08,869 INFO     ___FILE_ONLY___ BigQuery Command Line Tool     
2025-03-11 00:15:08,869 INFO     ___FILE_ONLY___  
2025-03-11 00:15:08,869 INFO     ___FILE_ONLY___ │ 
2025-03-11 00:15:08,869 INFO     ___FILE_ONLY___     2.1.14
2025-03-11 00:15:08,869 INFO     ___FILE_ONLY___  
2025-03-11 00:15:08,869 INFO     ___FILE_ONLY___ │ 
2025-03-11 00:15:08,869 INFO     ___FILE_ONLY___  1.8 MiB
2025-03-11 00:15:08,869 INFO     ___FILE_ONLY___  
2025-03-11 00:15:08,869 INFO     ___FILE_ONLY___ │
2025-03-11 00:15:08,869 INFO     ___FILE_ONLY___ 

2025-03-11 00:15:08,869 INFO     ___FILE_ONLY___ │ 
2025-03-11 00:15:08,869 INFO     ___FILE_ONLY___ Google Cloud CLI Core Libraries
2025-03-11 00:15:08,869 INFO     ___FILE_ONLY___  
2025-03-11 00:15:08,869 INFO     ___FILE_ONLY___ │ 
2025-03-11 00:15:08,869 INFO     ___FILE_ONLY___ 2025.02.28
2025-03-11 00:15:08,869 INFO     ___FILE_ONLY___  
2025-03-11 00:15:08,869 INFO     ___FILE_ONLY___ │ 
2025-03-11 00:15:08,869 INFO     ___FILE_ONLY___ 21.0 MiB
2025-03-11 00:15:08,869 INFO     ___FILE_ONLY___  
2025-03-11 00:15:08,869 INFO     ___FILE_ONLY___ │
2025-03-11 00:15:08,869 INFO     ___FILE_ONLY___ 

2025-03-11 00:15:08,869 INFO     ___FILE_ONLY___ │ 
2025-03-11 00:15:08,869 INFO     ___FILE_ONLY___ gcloud cli dependencies        
2025-03-11 00:15:08,870 INFO     ___FILE_ONLY___  
2025-03-11 00:15:08,870 INFO     ___FILE_ONLY___ │ 
2025-03-11 00:15:08,870 INFO     ___FILE_ONLY___ 2025.02.28
2025-03-11 00:15:08,870 INFO     ___FILE_ONLY___  
2025-03-11 00:15:08,870 INFO     ___FILE_ONLY___ │ 
2025-03-11 00:15:08,870 INFO     ___FILE_ONLY___ 16.8 MiB
2025-03-11 00:15:08,870 INFO     ___FILE_ONLY___  
2025-03-11 00:15:08,870 INFO     ___FILE_ONLY___ │
2025-03-11 00:15:08,870 INFO     ___FILE_ONLY___ 

2025-03-11 00:15:08,870 INFO     ___FILE_ONLY___ └─────────────────────────────────┴────────────┴──────────┘
2025-03-11 00:15:08,870 INFO     ___FILE_ONLY___ 

2025-03-11 00:15:08,870 DEBUG    root            Chosen display Format:table[box,title="These components will be installed."](details.display_name:label=Name:align=left,version.version_string:label=Version:align=right,data.size.size(zero="",min=1048576):label=Size:align=right)
2025-03-11 00:15:08,870 INFO     ___FILE_ONLY___ 

2025-03-11 00:15:08,872 DEBUG    urllib3.connectionpool Starting new HTTPS connection (1): dl.google.com:443
2025-03-11 00:15:09,035 DEBUG    urllib3.connectionpool https://dl.google.com:443 "GET /dl/cloudsdk/channels/rapid/RELEASE_NOTES HTTP/11" 200 1374936
2025-03-11 00:15:09,410 INFO     ___FILE_ONLY___ The following release notes are new in this upgrade.
Please read carefully for information about new features, breaking changes,
and bugs fixed.  The latest full release notes can be viewed at:
  https://cloud.google.com/sdk/release_notes


2025-03-11 00:15:09,410 INFO     ___FILE_ONLY___ 
2025-03-11 00:15:09,410 INFO     ___FILE_ONLY___ 513.0.0 (2025-03-04)

2025-03-11 00:15:09,410 INFO     ___FILE_ONLY___ 
2025-03-11 00:15:09,410 INFO     ___FILE_ONLY___   
2025-03-11 00:15:09,410 INFO     ___FILE_ONLY___ AlloyDB

2025-03-11 00:15:09,410 INFO     ___FILE_ONLY___       ▪
2025-03-11 00:15:09,410 INFO     ___FILE_ONLY___  
2025-03-11 00:15:09,410 INFO     ___FILE_ONLY___ Added
2025-03-11 00:15:09,410 INFO     ___FILE_ONLY___  
2025-03-11 00:15:09,410 INFO     ___FILE_ONLY___ option
2025-03-11 00:15:09,410 INFO     ___FILE_ONLY___  
2025-03-11 00:15:09,410 INFO     ___FILE_ONLY___ for
2025-03-11 00:15:09,410 INFO     ___FILE_ONLY___  
2025-03-11 00:15:09,410 INFO     ___FILE_ONLY___ --cpu-count=1
2025-03-11 00:15:09,410 INFO     ___FILE_ONLY___  
2025-03-11 00:15:09,410 INFO     ___FILE_ONLY___ in
2025-03-11 00:15:09,411 INFO     ___FILE_ONLY___  
2025-03-11 00:15:09,411 INFO     ___FILE_ONLY___ gcloud
2025-03-11 00:15:09,411 INFO     ___FILE_ONLY___  
2025-03-11 00:15:09,411 INFO     ___FILE_ONLY___ alloydb
2025-03-11 00:15:09,411 INFO     ___FILE_ONLY___  
2025-03-11 00:15:09,411 INFO     ___FILE_ONLY___ instances
2025-03-11 00:15:09,411 INFO     ___FILE_ONLY___  
2025-03-11 00:15:09,411 INFO     ___FILE_ONLY___ create
2025-03-11 00:15:09,411 INFO     ___FILE_ONLY___  
2025-03-11 00:15:09,411 INFO     ___FILE_ONLY___ and
2025-03-11 00:15:09,411 INFO     ___FILE_ONLY___ 

2025-03-11 00:15:09,411 INFO     ___FILE_ONLY___         
2025-03-11 00:15:09,411 INFO     ___FILE_ONLY___ gcloud
2025-03-11 00:15:09,411 INFO     ___FILE_ONLY___  
2025-03-11 00:15:09,411 INFO     ___FILE_ONLY___ alloydb
2025-03-11 00:15:09,411 INFO     ___FILE_ONLY___  
2025-03-11 00:15:09,411 INFO     ___FILE_ONLY___ instances
2025-03-11 00:15:09,411 INFO     ___FILE_ONLY___  
2025-03-11 00:15:09,411 INFO     ___FILE_ONLY___ update
2025-03-11 00:15:09,411 INFO     ___FILE_ONLY___  
2025-03-11 00:15:09,411 INFO     ___FILE_ONLY___ commands.
2025-03-11 00:15:09,411 INFO     ___FILE_ONLY___ 

2025-03-11 00:15:09,411 INFO     ___FILE_ONLY___ 

2025-03-11 00:15:09,411 INFO     ___FILE_ONLY___ 
2025-03-11 00:15:09,411 INFO     ___FILE_ONLY___   
2025-03-11 00:15:09,411 INFO     ___FILE_ONLY___ Batch

2025-03-11 00:15:09,411 INFO     ___FILE_ONLY___       ▪
2025-03-11 00:15:09,411 INFO     ___FILE_ONLY___  
2025-03-11 00:15:09,411 INFO     ___FILE_ONLY___ Promoted
2025-03-11 00:15:09,411 INFO     ___FILE_ONLY___  
2025-03-11 00:15:09,411 INFO     ___FILE_ONLY___ Batch
2025-03-11 00:15:09,411 INFO     ___FILE_ONLY___  
2025-03-11 00:15:09,411 INFO     ___FILE_ONLY___ cancel
2025-03-11 00:15:09,411 INFO     ___FILE_ONLY___  
2025-03-11 00:15:09,411 INFO     ___FILE_ONLY___ job
2025-03-11 00:15:09,411 INFO     ___FILE_ONLY___  
2025-03-11 00:15:09,411 INFO     ___FILE_ONLY___ command
2025-03-11 00:15:09,411 INFO     ___FILE_ONLY___  
2025-03-11 00:15:09,411 INFO     ___FILE_ONLY___ from
2025-03-11 00:15:09,411 INFO     ___FILE_ONLY___  
2025-03-11 00:15:09,411 INFO     ___FILE_ONLY___ alpha
2025-03-11 00:15:09,411 INFO     ___FILE_ONLY___  
2025-03-11 00:15:09,411 INFO     ___FILE_ONLY___ to
2025-03-11 00:15:09,411 INFO     ___FILE_ONLY___  
2025-03-11 00:15:09,411 INFO     ___FILE_ONLY___ beta
2025-03-11 00:15:09,411 INFO     ___FILE_ONLY___  
2025-03-11 00:15:09,411 INFO     ___FILE_ONLY___ and
2025-03-11 00:15:09,412 INFO     ___FILE_ONLY___  
2025-03-11 00:15:09,412 INFO     ___FILE_ONLY___ GA.
2025-03-11 00:15:09,412 INFO     ___FILE_ONLY___ 

2025-03-11 00:15:09,412 INFO     ___FILE_ONLY___ 

2025-03-11 00:15:09,412 INFO     ___FILE_ONLY___ 
2025-03-11 00:15:09,412 INFO     ___FILE_ONLY___   
2025-03-11 00:15:09,412 INFO     ___FILE_ONLY___ BigQuery

2025-03-11 00:15:09,412 INFO     ___FILE_ONLY___       ▪
2025-03-11 00:15:09,412 INFO     ___FILE_ONLY___  
2025-03-11 00:15:09,412 INFO     ___FILE_ONLY___ Added
2025-03-11 00:15:09,412 INFO     ___FILE_ONLY___  
2025-03-11 00:15:09,412 INFO     ___FILE_ONLY___ support
2025-03-11 00:15:09,412 INFO     ___FILE_ONLY___  
2025-03-11 00:15:09,412 INFO     ___FILE_ONLY___ for
2025-03-11 00:15:09,412 INFO     ___FILE_ONLY___  
2025-03-11 00:15:09,412 INFO     ___FILE_ONLY___ --set_label
2025-03-11 00:15:09,412 INFO     ___FILE_ONLY___  
2025-03-11 00:15:09,412 INFO     ___FILE_ONLY___ and
2025-03-11 00:15:09,412 INFO     ___FILE_ONLY___  
2025-03-11 00:15:09,412 INFO     ___FILE_ONLY___ --clear_label
2025-03-11 00:15:09,412 INFO     ___FILE_ONLY___  
2025-03-11 00:15:09,412 INFO     ___FILE_ONLY___ flags
2025-03-11 00:15:09,412 INFO     ___FILE_ONLY___  
2025-03-11 00:15:09,412 INFO     ___FILE_ONLY___ for
2025-03-11 00:15:09,412 INFO     ___FILE_ONLY___  
2025-03-11 00:15:09,412 INFO     ___FILE_ONLY___ reservation
2025-03-11 00:15:09,412 INFO     ___FILE_ONLY___ 

2025-03-11 00:15:09,412 INFO     ___FILE_ONLY___         
2025-03-11 00:15:09,412 INFO     ___FILE_ONLY___ updates.
2025-03-11 00:15:09,412 INFO     ___FILE_ONLY___ 

2025-03-11 00:15:09,412 INFO     ___FILE_ONLY___       ▪
2025-03-11 00:15:09,412 INFO     ___FILE_ONLY___  
2025-03-11 00:15:09,412 INFO     ___FILE_ONLY___ Fixed
2025-03-11 00:15:09,412 INFO     ___FILE_ONLY___  
2025-03-11 00:15:09,412 INFO     ___FILE_ONLY___ a
2025-03-11 00:15:09,412 INFO     ___FILE_ONLY___  
2025-03-11 00:15:09,412 INFO     ___FILE_ONLY___ bug
2025-03-11 00:15:09,412 INFO     ___FILE_ONLY___  
2025-03-11 00:15:09,412 INFO     ___FILE_ONLY___ where
2025-03-11 00:15:09,412 INFO     ___FILE_ONLY___  
2025-03-11 00:15:09,412 INFO     ___FILE_ONLY___ Google
2025-03-11 00:15:09,412 INFO     ___FILE_ONLY___  
2025-03-11 00:15:09,412 INFO     ___FILE_ONLY___ Auth
2025-03-11 00:15:09,412 INFO     ___FILE_ONLY___  
2025-03-11 00:15:09,412 INFO     ___FILE_ONLY___ credentials
2025-03-11 00:15:09,412 INFO     ___FILE_ONLY___  
2025-03-11 00:15:09,412 INFO     ___FILE_ONLY___ of
2025-03-11 00:15:09,412 INFO     ___FILE_ONLY___  
2025-03-11 00:15:09,412 INFO     ___FILE_ONLY___ a
2025-03-11 00:15:09,412 INFO     ___FILE_ONLY___  
2025-03-11 00:15:09,413 INFO     ___FILE_ONLY___ user
2025-03-11 00:15:09,413 INFO     ___FILE_ONLY___  
2025-03-11 00:15:09,413 INFO     ___FILE_ONLY___ account
2025-03-11 00:15:09,413 INFO     ___FILE_ONLY___  
2025-03-11 00:15:09,413 INFO     ___FILE_ONLY___ would
2025-03-11 00:15:09,413 INFO     ___FILE_ONLY___ 

2025-03-11 00:15:09,413 INFO     ___FILE_ONLY___         
2025-03-11 00:15:09,413 INFO     ___FILE_ONLY___ sometimes
2025-03-11 00:15:09,413 INFO     ___FILE_ONLY___  
2025-03-11 00:15:09,413 INFO     ___FILE_ONLY___ fail
2025-03-11 00:15:09,413 INFO     ___FILE_ONLY___  
2025-03-11 00:15:09,413 INFO     ___FILE_ONLY___ to
2025-03-11 00:15:09,413 INFO     ___FILE_ONLY___  
2025-03-11 00:15:09,413 INFO     ___FILE_ONLY___ refresh.
2025-03-11 00:15:09,413 INFO     ___FILE_ONLY___ 

2025-03-11 00:15:09,413 INFO     ___FILE_ONLY___       ▪
2025-03-11 00:15:09,413 INFO     ___FILE_ONLY___  
2025-03-11 00:15:09,413 INFO     ___FILE_ONLY___ Fixed
2025-03-11 00:15:09,413 INFO     ___FILE_ONLY___  
2025-03-11 00:15:09,413 INFO     ___FILE_ONLY___ a
2025-03-11 00:15:09,413 INFO     ___FILE_ONLY___  
2025-03-11 00:15:09,413 INFO     ___FILE_ONLY___ bug
2025-03-11 00:15:09,413 INFO     ___FILE_ONLY___  
2025-03-11 00:15:09,413 INFO     ___FILE_ONLY___ where
2025-03-11 00:15:09,413 INFO     ___FILE_ONLY___  
2025-03-11 00:15:09,413 INFO     ___FILE_ONLY___ long-running
2025-03-11 00:15:09,413 INFO     ___FILE_ONLY___  
2025-03-11 00:15:09,413 INFO     ___FILE_ONLY___ queries
2025-03-11 00:15:09,413 INFO     ___FILE_ONLY___  
2025-03-11 00:15:09,413 INFO     ___FILE_ONLY___ created
2025-03-11 00:15:09,413 INFO     ___FILE_ONLY___  
2025-03-11 00:15:09,413 INFO     ___FILE_ONLY___ from
2025-03-11 00:15:09,413 INFO     ___FILE_ONLY___  
2025-03-11 00:15:09,413 INFO     ___FILE_ONLY___ a
2025-03-11 00:15:09,413 INFO     ___FILE_ONLY___  
2025-03-11 00:15:09,413 INFO     ___FILE_ONLY___ service
2025-03-11 00:15:09,413 INFO     ___FILE_ONLY___  
2025-03-11 00:15:09,414 INFO     ___FILE_ONLY___ account
2025-03-11 00:15:09,414 INFO     ___FILE_ONLY___ 

2025-03-11 00:15:09,414 INFO     ___FILE_ONLY___         
2025-03-11 00:15:09,414 INFO     ___FILE_ONLY___ would
2025-03-11 00:15:09,414 INFO     ___FILE_ONLY___  
2025-03-11 00:15:09,414 INFO     ___FILE_ONLY___ fail
2025-03-11 00:15:09,414 INFO     ___FILE_ONLY___  
2025-03-11 00:15:09,414 INFO     ___FILE_ONLY___ after
2025-03-11 00:15:09,414 INFO     ___FILE_ONLY___  
2025-03-11 00:15:09,414 INFO     ___FILE_ONLY___ one
2025-03-11 00:15:09,414 INFO     ___FILE_ONLY___  
2025-03-11 00:15:09,414 INFO     ___FILE_ONLY___ hour.
2025-03-11 00:15:09,414 INFO     ___FILE_ONLY___ 

2025-03-11 00:15:09,414 INFO     ___FILE_ONLY___ 

2025-03-11 00:15:09,414 INFO     ___FILE_ONLY___ 
2025-03-11 00:15:09,414 INFO     ___FILE_ONLY___   
2025-03-11 00:15:09,414 INFO     ___FILE_ONLY___ Cloud Dataflow

2025-03-11 00:15:09,414 INFO     ___FILE_ONLY___       ▪
2025-03-11 00:15:09,414 INFO     ___FILE_ONLY___  
2025-03-11 00:15:09,414 INFO     ___FILE_ONLY___ Added
2025-03-11 00:15:09,414 INFO     ___FILE_ONLY___  
2025-03-11 00:15:09,414 INFO     ___FILE_ONLY___ the
2025-03-11 00:15:09,414 INFO     ___FILE_ONLY___  
2025-03-11 00:15:09,414 INFO     ___FILE_ONLY___ ability
2025-03-11 00:15:09,414 INFO     ___FILE_ONLY___  
2025-03-11 00:15:09,414 INFO     ___FILE_ONLY___ to
2025-03-11 00:15:09,414 INFO     ___FILE_ONLY___  
2025-03-11 00:15:09,414 INFO     ___FILE_ONLY___ create
2025-03-11 00:15:09,414 INFO     ___FILE_ONLY___  
2025-03-11 00:15:09,414 INFO     ___FILE_ONLY___ Beam
2025-03-11 00:15:09,414 INFO     ___FILE_ONLY___  
2025-03-11 00:15:09,414 INFO     ___FILE_ONLY___ YAML
2025-03-11 00:15:09,414 INFO     ___FILE_ONLY___  
2025-03-11 00:15:09,414 INFO     ___FILE_ONLY___ templates
2025-03-11 00:15:09,414 INFO     ___FILE_ONLY___  
2025-03-11 00:15:09,414 INFO     ___FILE_ONLY___ via
2025-03-11 00:15:09,414 INFO     ___FILE_ONLY___  
2025-03-11 00:15:09,415 INFO     ___FILE_ONLY___ gcloud
2025-03-11 00:15:09,415 INFO     ___FILE_ONLY___ 

2025-03-11 00:15:09,415 INFO     ___FILE_ONLY___         
2025-03-11 00:15:09,415 INFO     ___FILE_ONLY___ flex-template
2025-03-11 00:15:09,415 INFO     ___FILE_ONLY___  
2025-03-11 00:15:09,415 INFO     ___FILE_ONLY___ build.
2025-03-11 00:15:09,415 INFO     ___FILE_ONLY___ 

2025-03-11 00:15:09,415 INFO     ___FILE_ONLY___       ▪
2025-03-11 00:15:09,415 INFO     ___FILE_ONLY___  
2025-03-11 00:15:09,415 INFO     ___FILE_ONLY___ Added
2025-03-11 00:15:09,415 INFO     ___FILE_ONLY___  
2025-03-11 00:15:09,415 INFO     ___FILE_ONLY___ support
2025-03-11 00:15:09,415 INFO     ___FILE_ONLY___  
2025-03-11 00:15:09,415 INFO     ___FILE_ONLY___ for
2025-03-11 00:15:09,415 INFO     ___FILE_ONLY___  
2025-03-11 00:15:09,415 INFO     ___FILE_ONLY___ --update
2025-03-11 00:15:09,415 INFO     ___FILE_ONLY___  
2025-03-11 00:15:09,415 INFO     ___FILE_ONLY___ and
2025-03-11 00:15:09,415 INFO     ___FILE_ONLY___  
2025-03-11 00:15:09,415 INFO     ___FILE_ONLY___ --transform-name-mappings
2025-03-11 00:15:09,415 INFO     ___FILE_ONLY___  
2025-03-11 00:15:09,415 INFO     ___FILE_ONLY___ flags
2025-03-11 00:15:09,415 INFO     ___FILE_ONLY___  
2025-03-11 00:15:09,415 INFO     ___FILE_ONLY___ to
2025-03-11 00:15:09,415 INFO     ___FILE_ONLY___ 

2025-03-11 00:15:09,415 INFO     ___FILE_ONLY___         
2025-03-11 00:15:09,415 INFO     ___FILE_ONLY___ gcloud
2025-03-11 00:15:09,415 INFO     ___FILE_ONLY___  
2025-03-11 00:15:09,415 INFO     ___FILE_ONLY___ dataflow
2025-03-11 00:15:09,415 INFO     ___FILE_ONLY___  
2025-03-11 00:15:09,415 INFO     ___FILE_ONLY___ jobs
2025-03-11 00:15:09,415 INFO     ___FILE_ONLY___  
2025-03-11 00:15:09,415 INFO     ___FILE_ONLY___ run"
2025-03-11 00:15:09,415 INFO     ___FILE_ONLY___  
2025-03-11 00:15:09,415 INFO     ___FILE_ONLY___ command
2025-03-11 00:15:09,415 INFO     ___FILE_ONLY___  
2025-03-11 00:15:09,415 INFO     ___FILE_ONLY___ to
2025-03-11 00:15:09,415 INFO     ___FILE_ONLY___  
2025-03-11 00:15:09,415 INFO     ___FILE_ONLY___ support
2025-03-11 00:15:09,415 INFO     ___FILE_ONLY___  
2025-03-11 00:15:09,415 INFO     ___FILE_ONLY___ update
2025-03-11 00:15:09,415 INFO     ___FILE_ONLY___  
2025-03-11 00:15:09,415 INFO     ___FILE_ONLY___ for
2025-03-11 00:15:09,415 INFO     ___FILE_ONLY___  
2025-03-11 00:15:09,415 INFO     ___FILE_ONLY___ streaming
2025-03-11 00:15:09,415 INFO     ___FILE_ONLY___ 

2025-03-11 00:15:09,416 INFO     ___FILE_ONLY___         
2025-03-11 00:15:09,416 INFO     ___FILE_ONLY___ classic
2025-03-11 00:15:09,416 INFO     ___FILE_ONLY___  
2025-03-11 00:15:09,416 INFO     ___FILE_ONLY___ template
2025-03-11 00:15:09,416 INFO     ___FILE_ONLY___  
2025-03-11 00:15:09,416 INFO     ___FILE_ONLY___ jobs.
2025-03-11 00:15:09,416 INFO     ___FILE_ONLY___ 

2025-03-11 00:15:09,416 INFO     ___FILE_ONLY___ 

2025-03-11 00:15:09,416 INFO     ___FILE_ONLY___ 
2025-03-11 00:15:09,416 INFO     ___FILE_ONLY___   
2025-03-11 00:15:09,416 INFO     ___FILE_ONLY___ Cloud Datastream

2025-03-11 00:15:09,416 INFO     ___FILE_ONLY___       ▪
2025-03-11 00:15:09,416 INFO     ___FILE_ONLY___  
2025-03-11 00:15:09,416 INFO     ___FILE_ONLY___ Update
2025-03-11 00:15:09,416 INFO     ___FILE_ONLY___  
2025-03-11 00:15:09,416 INFO     ___FILE_ONLY___ Datastream
2025-03-11 00:15:09,416 INFO     ___FILE_ONLY___  
2025-03-11 00:15:09,416 INFO     ___FILE_ONLY___ schema
2025-03-11 00:15:09,416 INFO     ___FILE_ONLY___  
2025-03-11 00:15:09,416 INFO     ___FILE_ONLY___ files.
2025-03-11 00:15:09,416 INFO     ___FILE_ONLY___ 

2025-03-11 00:15:09,416 INFO     ___FILE_ONLY___       ▪
2025-03-11 00:15:09,416 INFO     ___FILE_ONLY___  
2025-03-11 00:15:09,416 INFO     ___FILE_ONLY___ Support
2025-03-11 00:15:09,416 INFO     ___FILE_ONLY___  
2025-03-11 00:15:09,416 INFO     ___FILE_ONLY___ Salesforce
2025-03-11 00:15:09,416 INFO     ___FILE_ONLY___  
2025-03-11 00:15:09,416 INFO     ___FILE_ONLY___ source
2025-03-11 00:15:09,416 INFO     ___FILE_ONLY___  
2025-03-11 00:15:09,416 INFO     ___FILE_ONLY___ connection
2025-03-11 00:15:09,416 INFO     ___FILE_ONLY___  
2025-03-11 00:15:09,416 INFO     ___FILE_ONLY___ profile.
2025-03-11 00:15:09,416 INFO     ___FILE_ONLY___ 

2025-03-11 00:15:09,416 INFO     ___FILE_ONLY___       ▪
2025-03-11 00:15:09,416 INFO     ___FILE_ONLY___  
2025-03-11 00:15:09,416 INFO     ___FILE_ONLY___ Support
2025-03-11 00:15:09,416 INFO     ___FILE_ONLY___  
2025-03-11 00:15:09,416 INFO     ___FILE_ONLY___ Salesforce
2025-03-11 00:15:09,416 INFO     ___FILE_ONLY___  
2025-03-11 00:15:09,416 INFO     ___FILE_ONLY___ source
2025-03-11 00:15:09,417 INFO     ___FILE_ONLY___  
2025-03-11 00:15:09,417 INFO     ___FILE_ONLY___ stream.
2025-03-11 00:15:09,417 INFO     ___FILE_ONLY___ 

2025-03-11 00:15:09,417 INFO     ___FILE_ONLY___ 

2025-03-11 00:15:09,417 INFO     ___FILE_ONLY___ 
2025-03-11 00:15:09,417 INFO     ___FILE_ONLY___   
2025-03-11 00:15:09,417 INFO     ___FILE_ONLY___ Cloud Workflows

2025-03-11 00:15:09,417 INFO     ___FILE_ONLY___       ▪
2025-03-11 00:15:09,417 INFO     ___FILE_ONLY___  
2025-03-11 00:15:09,417 INFO     ___FILE_ONLY___ Added
2025-03-11 00:15:09,417 INFO     ___FILE_ONLY___  
2025-03-11 00:15:09,417 INFO     ___FILE_ONLY___ --tags
2025-03-11 00:15:09,417 INFO     ___FILE_ONLY___  
2025-03-11 00:15:09,417 INFO     ___FILE_ONLY___ flag
2025-03-11 00:15:09,417 INFO     ___FILE_ONLY___  
2025-03-11 00:15:09,417 INFO     ___FILE_ONLY___ to
2025-03-11 00:15:09,417 INFO     ___FILE_ONLY___  
2025-03-11 00:15:09,417 INFO     ___FILE_ONLY___ gcloud
2025-03-11 00:15:09,417 INFO     ___FILE_ONLY___  
2025-03-11 00:15:09,417 INFO     ___FILE_ONLY___ workflows
2025-03-11 00:15:09,417 INFO     ___FILE_ONLY___  
2025-03-11 00:15:09,417 INFO     ___FILE_ONLY___ deploy.
2025-03-11 00:15:09,417 INFO     ___FILE_ONLY___ 

2025-03-11 00:15:09,417 INFO     ___FILE_ONLY___ 

2025-03-11 00:15:09,417 INFO     ___FILE_ONLY___ 
2025-03-11 00:15:09,417 INFO     ___FILE_ONLY___   
2025-03-11 00:15:09,417 INFO     ___FILE_ONLY___ Colab

2025-03-11 00:15:09,417 INFO     ___FILE_ONLY___       ▪
2025-03-11 00:15:09,417 INFO     ___FILE_ONLY___  
2025-03-11 00:15:09,417 INFO     ___FILE_ONLY___ Added
2025-03-11 00:15:09,417 INFO     ___FILE_ONLY___  
2025-03-11 00:15:09,417 INFO     ___FILE_ONLY___ support
2025-03-11 00:15:09,417 INFO     ___FILE_ONLY___  
2025-03-11 00:15:09,417 INFO     ___FILE_ONLY___ for
2025-03-11 00:15:09,417 INFO     ___FILE_ONLY___  
2025-03-11 00:15:09,417 INFO     ___FILE_ONLY___ Post
2025-03-11 00:15:09,417 INFO     ___FILE_ONLY___  
2025-03-11 00:15:09,417 INFO     ___FILE_ONLY___ startup
2025-03-11 00:15:09,417 INFO     ___FILE_ONLY___  
2025-03-11 00:15:09,417 INFO     ___FILE_ONLY___ script
2025-03-11 00:15:09,417 INFO     ___FILE_ONLY___  
2025-03-11 00:15:09,417 INFO     ___FILE_ONLY___ (PSS)
2025-03-11 00:15:09,418 INFO     ___FILE_ONLY___  
2025-03-11 00:15:09,418 INFO     ___FILE_ONLY___ and
2025-03-11 00:15:09,418 INFO     ___FILE_ONLY___  
2025-03-11 00:15:09,418 INFO     ___FILE_ONLY___ environment
2025-03-11 00:15:09,418 INFO     ___FILE_ONLY___ 

2025-03-11 00:15:09,418 INFO     ___FILE_ONLY___         
2025-03-11 00:15:09,418 INFO     ___FILE_ONLY___ variables.
2025-03-11 00:15:09,418 INFO     ___FILE_ONLY___ 

2025-03-11 00:15:09,418 INFO     ___FILE_ONLY___ 

2025-03-11 00:15:09,418 INFO     ___FILE_ONLY___ 
2025-03-11 00:15:09,418 INFO     ___FILE_ONLY___   
2025-03-11 00:15:09,418 INFO     ___FILE_ONLY___ Compute Engine

2025-03-11 00:15:09,418 INFO     ___FILE_ONLY___       ▪
2025-03-11 00:15:09,418 INFO     ___FILE_ONLY___  
2025-03-11 00:15:09,418 INFO     ___FILE_ONLY___ Promote
2025-03-11 00:15:09,418 INFO     ___FILE_ONLY___  
2025-03-11 00:15:09,418 INFO     ___FILE_ONLY___ --host-error-timeout-seconds
2025-03-11 00:15:09,418 INFO     ___FILE_ONLY___  
2025-03-11 00:15:09,418 INFO     ___FILE_ONLY___ to
2025-03-11 00:15:09,418 INFO     ___FILE_ONLY___  
2025-03-11 00:15:09,418 INFO     ___FILE_ONLY___ GA.
2025-03-11 00:15:09,418 INFO     ___FILE_ONLY___  
2025-03-11 00:15:09,418 INFO     ___FILE_ONLY___ This
2025-03-11 00:15:09,418 INFO     ___FILE_ONLY___  
2025-03-11 00:15:09,418 INFO     ___FILE_ONLY___ option
2025-03-11 00:15:09,418 INFO     ___FILE_ONLY___  
2025-03-11 00:15:09,418 INFO     ___FILE_ONLY___ allows
2025-03-11 00:15:09,418 INFO     ___FILE_ONLY___  
2025-03-11 00:15:09,418 INFO     ___FILE_ONLY___ you
2025-03-11 00:15:09,418 INFO     ___FILE_ONLY___  
2025-03-11 00:15:09,418 INFO     ___FILE_ONLY___ to
2025-03-11 00:15:09,418 INFO     ___FILE_ONLY___ 

2025-03-11 00:15:09,418 INFO     ___FILE_ONLY___         
2025-03-11 00:15:09,418 INFO     ___FILE_ONLY___ specify
2025-03-11 00:15:09,418 INFO     ___FILE_ONLY___  
2025-03-11 00:15:09,418 INFO     ___FILE_ONLY___ the
2025-03-11 00:15:09,418 INFO     ___FILE_ONLY___  
2025-03-11 00:15:09,418 INFO     ___FILE_ONLY___ timeout
2025-03-11 00:15:09,418 INFO     ___FILE_ONLY___  
2025-03-11 00:15:09,418 INFO     ___FILE_ONLY___ duration
2025-03-11 00:15:09,418 INFO     ___FILE_ONLY___  
2025-03-11 00:15:09,419 INFO     ___FILE_ONLY___ in
2025-03-11 00:15:09,419 INFO     ___FILE_ONLY___  
2025-03-11 00:15:09,419 INFO     ___FILE_ONLY___ seconds
2025-03-11 00:15:09,419 INFO     ___FILE_ONLY___  
2025-03-11 00:15:09,419 INFO     ___FILE_ONLY___ for
2025-03-11 00:15:09,419 INFO     ___FILE_ONLY___  
2025-03-11 00:15:09,419 INFO     ___FILE_ONLY___ host
2025-03-11 00:15:09,419 INFO     ___FILE_ONLY___  
2025-03-11 00:15:09,419 INFO     ___FILE_ONLY___ error
2025-03-11 00:15:09,419 INFO     ___FILE_ONLY___  
2025-03-11 00:15:09,419 INFO     ___FILE_ONLY___ detection
2025-03-11 00:15:09,419 INFO     ___FILE_ONLY___  
2025-03-11 00:15:09,419 INFO     ___FILE_ONLY___ in
2025-03-11 00:15:09,419 INFO     ___FILE_ONLY___  
2025-03-11 00:15:09,419 INFO     ___FILE_ONLY___ the
2025-03-11 00:15:09,419 INFO     ___FILE_ONLY___ 

2025-03-11 00:15:09,419 INFO     ___FILE_ONLY___         
2025-03-11 00:15:09,419 INFO     ___FILE_ONLY___ following
2025-03-11 00:15:09,419 INFO     ___FILE_ONLY___  
2025-03-11 00:15:09,419 INFO     ___FILE_ONLY___ commands:
2025-03-11 00:15:09,419 INFO     ___FILE_ONLY___ 

2025-03-11 00:15:09,419 INFO     ___FILE_ONLY___         ◆
2025-03-11 00:15:09,419 INFO     ___FILE_ONLY___  
2025-03-11 00:15:09,419 INFO     ___FILE_ONLY___ gcloud
2025-03-11 00:15:09,419 INFO     ___FILE_ONLY___  
2025-03-11 00:15:09,419 INFO     ___FILE_ONLY___ compute
2025-03-11 00:15:09,419 INFO     ___FILE_ONLY___  
2025-03-11 00:15:09,419 INFO     ___FILE_ONLY___ instances
2025-03-11 00:15:09,419 INFO     ___FILE_ONLY___  
2025-03-11 00:15:09,419 INFO     ___FILE_ONLY___ create
2025-03-11 00:15:09,419 INFO     ___FILE_ONLY___ 

2025-03-11 00:15:09,419 INFO     ___FILE_ONLY___         ◆
2025-03-11 00:15:09,419 INFO     ___FILE_ONLY___  
2025-03-11 00:15:09,419 INFO     ___FILE_ONLY___ gcloud
2025-03-11 00:15:09,419 INFO     ___FILE_ONLY___  
2025-03-11 00:15:09,419 INFO     ___FILE_ONLY___ compute
2025-03-11 00:15:09,419 INFO     ___FILE_ONLY___  
2025-03-11 00:15:09,419 INFO     ___FILE_ONLY___ instances
2025-03-11 00:15:09,419 INFO     ___FILE_ONLY___  
2025-03-11 00:15:09,419 INFO     ___FILE_ONLY___ create-with-container
2025-03-11 00:15:09,419 INFO     ___FILE_ONLY___ 

2025-03-11 00:15:09,419 INFO     ___FILE_ONLY___         ◆
2025-03-11 00:15:09,419 INFO     ___FILE_ONLY___  
2025-03-11 00:15:09,419 INFO     ___FILE_ONLY___ gcloud
2025-03-11 00:15:09,419 INFO     ___FILE_ONLY___  
2025-03-11 00:15:09,419 INFO     ___FILE_ONLY___ compute
2025-03-11 00:15:09,420 INFO     ___FILE_ONLY___  
2025-03-11 00:15:09,420 INFO     ___FILE_ONLY___ instance-templates
2025-03-11 00:15:09,420 INFO     ___FILE_ONLY___  
2025-03-11 00:15:09,420 INFO     ___FILE_ONLY___ create
2025-03-11 00:15:09,420 INFO     ___FILE_ONLY___ 

2025-03-11 00:15:09,420 INFO     ___FILE_ONLY___         ◆
2025-03-11 00:15:09,420 INFO     ___FILE_ONLY___  
2025-03-11 00:15:09,420 INFO     ___FILE_ONLY___ gcloud
2025-03-11 00:15:09,420 INFO     ___FILE_ONLY___  
2025-03-11 00:15:09,420 INFO     ___FILE_ONLY___ compute
2025-03-11 00:15:09,420 INFO     ___FILE_ONLY___  
2025-03-11 00:15:09,420 INFO     ___FILE_ONLY___ instances
2025-03-11 00:15:09,420 INFO     ___FILE_ONLY___  
2025-03-11 00:15:09,420 INFO     ___FILE_ONLY___ bulk
2025-03-11 00:15:09,420 INFO     ___FILE_ONLY___  
2025-03-11 00:15:09,420 INFO     ___FILE_ONLY___ create
2025-03-11 00:15:09,420 INFO     ___FILE_ONLY___ 

2025-03-11 00:15:09,420 INFO     ___FILE_ONLY___         ◆
2025-03-11 00:15:09,420 INFO     ___FILE_ONLY___  
2025-03-11 00:15:09,420 INFO     ___FILE_ONLY___ gcloud
2025-03-11 00:15:09,420 INFO     ___FILE_ONLY___  
2025-03-11 00:15:09,420 INFO     ___FILE_ONLY___ compute
2025-03-11 00:15:09,420 INFO     ___FILE_ONLY___  
2025-03-11 00:15:09,420 INFO     ___FILE_ONLY___ instances
2025-03-11 00:15:09,420 INFO     ___FILE_ONLY___  
2025-03-11 00:15:09,420 INFO     ___FILE_ONLY___ set-scheduling
2025-03-11 00:15:09,420 INFO     ___FILE_ONLY___ 

2025-03-11 00:15:09,420 INFO     ___FILE_ONLY___         ◆
2025-03-11 00:15:09,420 INFO     ___FILE_ONLY___  
2025-03-11 00:15:09,420 INFO     ___FILE_ONLY___ gcloud
2025-03-11 00:15:09,420 INFO     ___FILE_ONLY___  
2025-03-11 00:15:09,420 INFO     ___FILE_ONLY___ compute
2025-03-11 00:15:09,420 INFO     ___FILE_ONLY___  
2025-03-11 00:15:09,420 INFO     ___FILE_ONLY___ instances
2025-03-11 00:15:09,420 INFO     ___FILE_ONLY___  
2025-03-11 00:15:09,420 INFO     ___FILE_ONLY___ update-from-file
2025-03-11 00:15:09,420 INFO     ___FILE_ONLY___ 

2025-03-11 00:15:09,420 INFO     ___FILE_ONLY___       ▪
2025-03-11 00:15:09,420 INFO     ___FILE_ONLY___  
2025-03-11 00:15:09,420 INFO     ___FILE_ONLY___ Add
2025-03-11 00:15:09,420 INFO     ___FILE_ONLY___  
2025-03-11 00:15:09,420 INFO     ___FILE_ONLY___ defaultCustomErrorResponsePolicy
2025-03-11 00:15:09,420 INFO     ___FILE_ONLY___  
2025-03-11 00:15:09,421 INFO     ___FILE_ONLY___ to
2025-03-11 00:15:09,421 INFO     ___FILE_ONLY___  
2025-03-11 00:15:09,421 INFO     ___FILE_ONLY___ gcloud
2025-03-11 00:15:09,421 INFO     ___FILE_ONLY___  
2025-03-11 00:15:09,421 INFO     ___FILE_ONLY___ compute
2025-03-11 00:15:09,421 INFO     ___FILE_ONLY___  
2025-03-11 00:15:09,421 INFO     ___FILE_ONLY___ url-maps
2025-03-11 00:15:09,421 INFO     ___FILE_ONLY___  
2025-03-11 00:15:09,421 INFO     ___FILE_ONLY___ edit.
2025-03-11 00:15:09,421 INFO     ___FILE_ONLY___ 

2025-03-11 00:15:09,421 INFO     ___FILE_ONLY___       ▪
2025-03-11 00:15:09,421 INFO     ___FILE_ONLY___  
2025-03-11 00:15:09,421 INFO     ___FILE_ONLY___ Promoted
2025-03-11 00:15:09,421 INFO     ___FILE_ONLY___  
2025-03-11 00:15:09,421 INFO     ___FILE_ONLY___ gcloud
2025-03-11 00:15:09,421 INFO     ___FILE_ONLY___  
2025-03-11 00:15:09,421 INFO     ___FILE_ONLY___ compute
2025-03-11 00:15:09,421 INFO     ___FILE_ONLY___  
2025-03-11 00:15:09,421 INFO     ___FILE_ONLY___ routers
2025-03-11 00:15:09,421 INFO     ___FILE_ONLY___  
2025-03-11 00:15:09,421 INFO     ___FILE_ONLY___ add-route-policy
2025-03-11 00:15:09,421 INFO     ___FILE_ONLY___  
2025-03-11 00:15:09,421 INFO     ___FILE_ONLY___ to
2025-03-11 00:15:09,421 INFO     ___FILE_ONLY___  
2025-03-11 00:15:09,421 INFO     ___FILE_ONLY___ GA.
2025-03-11 00:15:09,421 INFO     ___FILE_ONLY___ 

2025-03-11 00:15:09,421 INFO     ___FILE_ONLY___       ▪
2025-03-11 00:15:09,421 INFO     ___FILE_ONLY___  
2025-03-11 00:15:09,421 INFO     ___FILE_ONLY___ Promoted
2025-03-11 00:15:09,421 INFO     ___FILE_ONLY___  
2025-03-11 00:15:09,421 INFO     ___FILE_ONLY___ gcloud
2025-03-11 00:15:09,421 INFO     ___FILE_ONLY___  
2025-03-11 00:15:09,421 INFO     ___FILE_ONLY___ compute
2025-03-11 00:15:09,421 INFO     ___FILE_ONLY___  
2025-03-11 00:15:09,421 INFO     ___FILE_ONLY___ routers
2025-03-11 00:15:09,421 INFO     ___FILE_ONLY___  
2025-03-11 00:15:09,421 INFO     ___FILE_ONLY___ add-route-policy-term
2025-03-11 00:15:09,421 INFO     ___FILE_ONLY___  
2025-03-11 00:15:09,421 INFO     ___FILE_ONLY___ to
2025-03-11 00:15:09,421 INFO     ___FILE_ONLY___  
2025-03-11 00:15:09,421 INFO     ___FILE_ONLY___ GA.
2025-03-11 00:15:09,421 INFO     ___FILE_ONLY___ 

2025-03-11 00:15:09,421 INFO     ___FILE_ONLY___       ▪
2025-03-11 00:15:09,421 INFO     ___FILE_ONLY___  
2025-03-11 00:15:09,421 INFO     ___FILE_ONLY___ Promoted
2025-03-11 00:15:09,422 INFO     ___FILE_ONLY___  
2025-03-11 00:15:09,422 INFO     ___FILE_ONLY___ gcloud
2025-03-11 00:15:09,422 INFO     ___FILE_ONLY___  
2025-03-11 00:15:09,422 INFO     ___FILE_ONLY___ compute
2025-03-11 00:15:09,422 INFO     ___FILE_ONLY___  
2025-03-11 00:15:09,422 INFO     ___FILE_ONLY___ routers
2025-03-11 00:15:09,422 INFO     ___FILE_ONLY___  
2025-03-11 00:15:09,422 INFO     ___FILE_ONLY___ download-route-policy
2025-03-11 00:15:09,422 INFO     ___FILE_ONLY___  
2025-03-11 00:15:09,422 INFO     ___FILE_ONLY___ to
2025-03-11 00:15:09,422 INFO     ___FILE_ONLY___  
2025-03-11 00:15:09,422 INFO     ___FILE_ONLY___ GA.
2025-03-11 00:15:09,422 INFO     ___FILE_ONLY___ 

2025-03-11 00:15:09,422 INFO     ___FILE_ONLY___       ▪
2025-03-11 00:15:09,422 INFO     ___FILE_ONLY___  
2025-03-11 00:15:09,422 INFO     ___FILE_ONLY___ Promoted
2025-03-11 00:15:09,422 INFO     ___FILE_ONLY___  
2025-03-11 00:15:09,422 INFO     ___FILE_ONLY___ gcloud
2025-03-11 00:15:09,422 INFO     ___FILE_ONLY___  
2025-03-11 00:15:09,422 INFO     ___FILE_ONLY___ compute
2025-03-11 00:15:09,422 INFO     ___FILE_ONLY___  
2025-03-11 00:15:09,422 INFO     ___FILE_ONLY___ routers
2025-03-11 00:15:09,422 INFO     ___FILE_ONLY___  
2025-03-11 00:15:09,422 INFO     ___FILE_ONLY___ get-route-policy
2025-03-11 00:15:09,422 INFO     ___FILE_ONLY___  
2025-03-11 00:15:09,422 INFO     ___FILE_ONLY___ to
2025-03-11 00:15:09,422 INFO     ___FILE_ONLY___  
2025-03-11 00:15:09,422 INFO     ___FILE_ONLY___ GA.
2025-03-11 00:15:09,422 INFO     ___FILE_ONLY___ 

2025-03-11 00:15:09,422 INFO     ___FILE_ONLY___       ▪
2025-03-11 00:15:09,422 INFO     ___FILE_ONLY___  
2025-03-11 00:15:09,422 INFO     ___FILE_ONLY___ Promoted
2025-03-11 00:15:09,422 INFO     ___FILE_ONLY___  
2025-03-11 00:15:09,422 INFO     ___FILE_ONLY___ gcloud
2025-03-11 00:15:09,422 INFO     ___FILE_ONLY___  
2025-03-11 00:15:09,422 INFO     ___FILE_ONLY___ compute
2025-03-11 00:15:09,422 INFO     ___FILE_ONLY___  
2025-03-11 00:15:09,422 INFO     ___FILE_ONLY___ routers
2025-03-11 00:15:09,422 INFO     ___FILE_ONLY___  
2025-03-11 00:15:09,422 INFO     ___FILE_ONLY___ list-bgp-routes
2025-03-11 00:15:09,422 INFO     ___FILE_ONLY___  
2025-03-11 00:15:09,422 INFO     ___FILE_ONLY___ to
2025-03-11 00:15:09,422 INFO     ___FILE_ONLY___  
2025-03-11 00:15:09,422 INFO     ___FILE_ONLY___ GA.
2025-03-11 00:15:09,422 INFO     ___FILE_ONLY___ 

2025-03-11 00:15:09,422 INFO     ___FILE_ONLY___       ▪
2025-03-11 00:15:09,423 INFO     ___FILE_ONLY___  
2025-03-11 00:15:09,423 INFO     ___FILE_ONLY___ Promoted
2025-03-11 00:15:09,423 INFO     ___FILE_ONLY___  
2025-03-11 00:15:09,423 INFO     ___FILE_ONLY___ gcloud
2025-03-11 00:15:09,423 INFO     ___FILE_ONLY___  
2025-03-11 00:15:09,423 INFO     ___FILE_ONLY___ compute
2025-03-11 00:15:09,423 INFO     ___FILE_ONLY___  
2025-03-11 00:15:09,423 INFO     ___FILE_ONLY___ routers
2025-03-11 00:15:09,423 INFO     ___FILE_ONLY___  
2025-03-11 00:15:09,423 INFO     ___FILE_ONLY___ list-route-policies
2025-03-11 00:15:09,423 INFO     ___FILE_ONLY___  
2025-03-11 00:15:09,423 INFO     ___FILE_ONLY___ to
2025-03-11 00:15:09,423 INFO     ___FILE_ONLY___  
2025-03-11 00:15:09,423 INFO     ___FILE_ONLY___ GA.
2025-03-11 00:15:09,423 INFO     ___FILE_ONLY___ 

2025-03-11 00:15:09,423 INFO     ___FILE_ONLY___       ▪
2025-03-11 00:15:09,423 INFO     ___FILE_ONLY___  
2025-03-11 00:15:09,423 INFO     ___FILE_ONLY___ Promoted
2025-03-11 00:15:09,423 INFO     ___FILE_ONLY___  
2025-03-11 00:15:09,423 INFO     ___FILE_ONLY___ gcloud
2025-03-11 00:15:09,423 INFO     ___FILE_ONLY___  
2025-03-11 00:15:09,423 INFO     ___FILE_ONLY___ compute
2025-03-11 00:15:09,423 INFO     ___FILE_ONLY___  
2025-03-11 00:15:09,423 INFO     ___FILE_ONLY___ routers
2025-03-11 00:15:09,423 INFO     ___FILE_ONLY___  
2025-03-11 00:15:09,423 INFO     ___FILE_ONLY___ remove-route-policy
2025-03-11 00:15:09,423 INFO     ___FILE_ONLY___  
2025-03-11 00:15:09,423 INFO     ___FILE_ONLY___ to
2025-03-11 00:15:09,423 INFO     ___FILE_ONLY___  
2025-03-11 00:15:09,423 INFO     ___FILE_ONLY___ GA.
2025-03-11 00:15:09,423 INFO     ___FILE_ONLY___ 

2025-03-11 00:15:09,423 INFO     ___FILE_ONLY___       ▪
2025-03-11 00:15:09,423 INFO     ___FILE_ONLY___  
2025-03-11 00:15:09,423 INFO     ___FILE_ONLY___ Promoted
2025-03-11 00:15:09,423 INFO     ___FILE_ONLY___  
2025-03-11 00:15:09,423 INFO     ___FILE_ONLY___ gcloud
2025-03-11 00:15:09,423 INFO     ___FILE_ONLY___  
2025-03-11 00:15:09,423 INFO     ___FILE_ONLY___ compute
2025-03-11 00:15:09,423 INFO     ___FILE_ONLY___  
2025-03-11 00:15:09,423 INFO     ___FILE_ONLY___ routers
2025-03-11 00:15:09,423 INFO     ___FILE_ONLY___  
2025-03-11 00:15:09,423 INFO     ___FILE_ONLY___ remove-route-policy-term
2025-03-11 00:15:09,423 INFO     ___FILE_ONLY___  
2025-03-11 00:15:09,423 INFO     ___FILE_ONLY___ to
2025-03-11 00:15:09,423 INFO     ___FILE_ONLY___  
2025-03-11 00:15:09,423 INFO     ___FILE_ONLY___ GA.
2025-03-11 00:15:09,423 INFO     ___FILE_ONLY___ 

2025-03-11 00:15:09,423 INFO     ___FILE_ONLY___       ▪
2025-03-11 00:15:09,424 INFO     ___FILE_ONLY___  
2025-03-11 00:15:09,424 INFO     ___FILE_ONLY___ Promoted
2025-03-11 00:15:09,424 INFO     ___FILE_ONLY___  
2025-03-11 00:15:09,424 INFO     ___FILE_ONLY___ gcloud
2025-03-11 00:15:09,424 INFO     ___FILE_ONLY___  
2025-03-11 00:15:09,424 INFO     ___FILE_ONLY___ compute
2025-03-11 00:15:09,424 INFO     ___FILE_ONLY___  
2025-03-11 00:15:09,424 INFO     ___FILE_ONLY___ routers
2025-03-11 00:15:09,424 INFO     ___FILE_ONLY___  
2025-03-11 00:15:09,424 INFO     ___FILE_ONLY___ update-route-policy-term
2025-03-11 00:15:09,424 INFO     ___FILE_ONLY___  
2025-03-11 00:15:09,424 INFO     ___FILE_ONLY___ to
2025-03-11 00:15:09,424 INFO     ___FILE_ONLY___  
2025-03-11 00:15:09,424 INFO     ___FILE_ONLY___ GA.
2025-03-11 00:15:09,424 INFO     ___FILE_ONLY___ 

2025-03-11 00:15:09,424 INFO     ___FILE_ONLY___       ▪
2025-03-11 00:15:09,424 INFO     ___FILE_ONLY___  
2025-03-11 00:15:09,424 INFO     ___FILE_ONLY___ Promoted
2025-03-11 00:15:09,424 INFO     ___FILE_ONLY___  
2025-03-11 00:15:09,424 INFO     ___FILE_ONLY___ gcloud
2025-03-11 00:15:09,424 INFO     ___FILE_ONLY___  
2025-03-11 00:15:09,424 INFO     ___FILE_ONLY___ compute
2025-03-11 00:15:09,424 INFO     ___FILE_ONLY___  
2025-03-11 00:15:09,424 INFO     ___FILE_ONLY___ routers
2025-03-11 00:15:09,424 INFO     ___FILE_ONLY___  
2025-03-11 00:15:09,424 INFO     ___FILE_ONLY___ upload-route-policy
2025-03-11 00:15:09,424 INFO     ___FILE_ONLY___  
2025-03-11 00:15:09,424 INFO     ___FILE_ONLY___ to
2025-03-11 00:15:09,424 INFO     ___FILE_ONLY___  
2025-03-11 00:15:09,424 INFO     ___FILE_ONLY___ GA.
2025-03-11 00:15:09,424 INFO     ___FILE_ONLY___ 

2025-03-11 00:15:09,424 INFO     ___FILE_ONLY___       ▪
2025-03-11 00:15:09,424 INFO     ___FILE_ONLY___  
2025-03-11 00:15:09,424 INFO     ___FILE_ONLY___ Promoted
2025-03-11 00:15:09,424 INFO     ___FILE_ONLY___  
2025-03-11 00:15:09,424 INFO     ___FILE_ONLY___ --import-policies
2025-03-11 00:15:09,424 INFO     ___FILE_ONLY___  
2025-03-11 00:15:09,424 INFO     ___FILE_ONLY___ and
2025-03-11 00:15:09,424 INFO     ___FILE_ONLY___  
2025-03-11 00:15:09,424 INFO     ___FILE_ONLY___ --export-policies
2025-03-11 00:15:09,424 INFO     ___FILE_ONLY___  
2025-03-11 00:15:09,424 INFO     ___FILE_ONLY___ flags
2025-03-11 00:15:09,424 INFO     ___FILE_ONLY___  
2025-03-11 00:15:09,424 INFO     ___FILE_ONLY___ of
2025-03-11 00:15:09,424 INFO     ___FILE_ONLY___  
2025-03-11 00:15:09,424 INFO     ___FILE_ONLY___ gcloud
2025-03-11 00:15:09,425 INFO     ___FILE_ONLY___ 

2025-03-11 00:15:09,425 INFO     ___FILE_ONLY___         
2025-03-11 00:15:09,425 INFO     ___FILE_ONLY___ compute
2025-03-11 00:15:09,425 INFO     ___FILE_ONLY___  
2025-03-11 00:15:09,425 INFO     ___FILE_ONLY___ routers
2025-03-11 00:15:09,425 INFO     ___FILE_ONLY___  
2025-03-11 00:15:09,425 INFO     ___FILE_ONLY___ add-bgp-peer
2025-03-11 00:15:09,425 INFO     ___FILE_ONLY___  
2025-03-11 00:15:09,425 INFO     ___FILE_ONLY___ and
2025-03-11 00:15:09,425 INFO     ___FILE_ONLY___  
2025-03-11 00:15:09,425 INFO     ___FILE_ONLY___ gcloud
2025-03-11 00:15:09,425 INFO     ___FILE_ONLY___  
2025-03-11 00:15:09,425 INFO     ___FILE_ONLY___ compute
2025-03-11 00:15:09,425 INFO     ___FILE_ONLY___  
2025-03-11 00:15:09,425 INFO     ___FILE_ONLY___ routers
2025-03-11 00:15:09,425 INFO     ___FILE_ONLY___  
2025-03-11 00:15:09,425 INFO     ___FILE_ONLY___ update-bgp-peer
2025-03-11 00:15:09,425 INFO     ___FILE_ONLY___ 

2025-03-11 00:15:09,425 INFO     ___FILE_ONLY___         
2025-03-11 00:15:09,425 INFO     ___FILE_ONLY___ to
2025-03-11 00:15:09,425 INFO     ___FILE_ONLY___  
2025-03-11 00:15:09,425 INFO     ___FILE_ONLY___ GA.
2025-03-11 00:15:09,425 INFO     ___FILE_ONLY___ 

2025-03-11 00:15:09,425 INFO     ___FILE_ONLY___       ▪
2025-03-11 00:15:09,425 INFO     ___FILE_ONLY___  
2025-03-11 00:15:09,425 INFO     ___FILE_ONLY___ Restricted
2025-03-11 00:15:09,425 INFO     ___FILE_ONLY___  
2025-03-11 00:15:09,425 INFO     ___FILE_ONLY___ limit
2025-03-11 00:15:09,425 INFO     ___FILE_ONLY___  
2025-03-11 00:15:09,425 INFO     ___FILE_ONLY___ to
2025-03-11 00:15:09,425 INFO     ___FILE_ONLY___  
2025-03-11 00:15:09,425 INFO     ___FILE_ONLY___ 1000
2025-03-11 00:15:09,425 INFO     ___FILE_ONLY___  
2025-03-11 00:15:09,425 INFO     ___FILE_ONLY___ results
2025-03-11 00:15:09,425 INFO     ___FILE_ONLY___  
2025-03-11 00:15:09,425 INFO     ___FILE_ONLY___ for
2025-03-11 00:15:09,425 INFO     ___FILE_ONLY___  
2025-03-11 00:15:09,425 INFO     ___FILE_ONLY___ the
2025-03-11 00:15:09,425 INFO     ___FILE_ONLY___  
2025-03-11 00:15:09,425 INFO     ___FILE_ONLY___ following
2025-03-11 00:15:09,425 INFO     ___FILE_ONLY___  
2025-03-11 00:15:09,425 INFO     ___FILE_ONLY___ command:
2025-03-11 00:15:09,425 INFO     ___FILE_ONLY___ 

2025-03-11 00:15:09,425 INFO     ___FILE_ONLY___         ◆
2025-03-11 00:15:09,425 INFO     ___FILE_ONLY___  
2025-03-11 00:15:09,425 INFO     ___FILE_ONLY___ gcloud
2025-03-11 00:15:09,425 INFO     ___FILE_ONLY___  
2025-03-11 00:15:09,425 INFO     ___FILE_ONLY___ compute
2025-03-11 00:15:09,425 INFO     ___FILE_ONLY___  
2025-03-11 00:15:09,426 INFO     ___FILE_ONLY___ url-maps
2025-03-11 00:15:09,426 INFO     ___FILE_ONLY___  
2025-03-11 00:15:09,426 INFO     ___FILE_ONLY___ invalidate-cdn-cache.
2025-03-11 00:15:09,426 INFO     ___FILE_ONLY___ 

2025-03-11 00:15:09,426 INFO     ___FILE_ONLY___       ▪
2025-03-11 00:15:09,426 INFO     ___FILE_ONLY___  
2025-03-11 00:15:09,426 INFO     ___FILE_ONLY___ Support
2025-03-11 00:15:09,426 INFO     ___FILE_ONLY___  
2025-03-11 00:15:09,426 INFO     ___FILE_ONLY___ --provisioning-model=flex-start
2025-03-11 00:15:09,426 INFO     ___FILE_ONLY___  
2025-03-11 00:15:09,426 INFO     ___FILE_ONLY___ in
2025-03-11 00:15:09,426 INFO     ___FILE_ONLY___  
2025-03-11 00:15:09,426 INFO     ___FILE_ONLY___ beta
2025-03-11 00:15:09,426 INFO     ___FILE_ONLY___  
2025-03-11 00:15:09,426 INFO     ___FILE_ONLY___ for
2025-03-11 00:15:09,426 INFO     ___FILE_ONLY___  
2025-03-11 00:15:09,426 INFO     ___FILE_ONLY___ gcloud
2025-03-11 00:15:09,426 INFO     ___FILE_ONLY___  
2025-03-11 00:15:09,426 INFO     ___FILE_ONLY___ compute
2025-03-11 00:15:09,426 INFO     ___FILE_ONLY___ 

2025-03-11 00:15:09,426 INFO     ___FILE_ONLY___         
2025-03-11 00:15:09,426 INFO     ___FILE_ONLY___ instances
2025-03-11 00:15:09,426 INFO     ___FILE_ONLY___  
2025-03-11 00:15:09,426 INFO     ___FILE_ONLY___ create
2025-03-11 00:15:09,426 INFO     ___FILE_ONLY___  
2025-03-11 00:15:09,426 INFO     ___FILE_ONLY___ and
2025-03-11 00:15:09,426 INFO     ___FILE_ONLY___  
2025-03-11 00:15:09,426 INFO     ___FILE_ONLY___ gcloud
2025-03-11 00:15:09,426 INFO     ___FILE_ONLY___  
2025-03-11 00:15:09,426 INFO     ___FILE_ONLY___ compute
2025-03-11 00:15:09,426 INFO     ___FILE_ONLY___  
2025-03-11 00:15:09,426 INFO     ___FILE_ONLY___ instance-templates
2025-03-11 00:15:09,426 INFO     ___FILE_ONLY___  
2025-03-11 00:15:09,426 INFO     ___FILE_ONLY___ create
2025-03-11 00:15:09,426 INFO     ___FILE_ONLY___  
2025-03-11 00:15:09,426 INFO     ___FILE_ONLY___ commands.
2025-03-11 00:15:09,426 INFO     ___FILE_ONLY___ 

2025-03-11 00:15:09,426 INFO     ___FILE_ONLY___ 

2025-03-11 00:15:09,426 INFO     ___FILE_ONLY___ 
2025-03-11 00:15:09,426 INFO     ___FILE_ONLY___   
2025-03-11 00:15:09,426 INFO     ___FILE_ONLY___ Dataproc Metastore

2025-03-11 00:15:09,426 INFO     ___FILE_ONLY___       ▪
2025-03-11 00:15:09,426 INFO     ___FILE_ONLY___  
2025-03-11 00:15:09,426 INFO     ___FILE_ONLY___ Added
2025-03-11 00:15:09,426 INFO     ___FILE_ONLY___  
2025-03-11 00:15:09,426 INFO     ___FILE_ONLY___ --encryption-kms-keys
2025-03-11 00:15:09,426 INFO     ___FILE_ONLY___  
2025-03-11 00:15:09,426 INFO     ___FILE_ONLY___ flag
2025-03-11 00:15:09,427 INFO     ___FILE_ONLY___  
2025-03-11 00:15:09,427 INFO     ___FILE_ONLY___ to
2025-03-11 00:15:09,427 INFO     ___FILE_ONLY___  
2025-03-11 00:15:09,427 INFO     ___FILE_ONLY___ gcloud
2025-03-11 00:15:09,427 INFO     ___FILE_ONLY___  
2025-03-11 00:15:09,427 INFO     ___FILE_ONLY___ metastore
2025-03-11 00:15:09,427 INFO     ___FILE_ONLY___  
2025-03-11 00:15:09,427 INFO     ___FILE_ONLY___ services
2025-03-11 00:15:09,427 INFO     ___FILE_ONLY___  
2025-03-11 00:15:09,427 INFO     ___FILE_ONLY___ create
2025-03-11 00:15:09,427 INFO     ___FILE_ONLY___ 

2025-03-11 00:15:09,427 INFO     ___FILE_ONLY___         
2025-03-11 00:15:09,427 INFO     ___FILE_ONLY___ beta
2025-03-11 00:15:09,427 INFO     ___FILE_ONLY___  
2025-03-11 00:15:09,427 INFO     ___FILE_ONLY___ release
2025-03-11 00:15:09,427 INFO     ___FILE_ONLY___  
2025-03-11 00:15:09,427 INFO     ___FILE_ONLY___ track
2025-03-11 00:15:09,427 INFO     ___FILE_ONLY___  
2025-03-11 00:15:09,427 INFO     ___FILE_ONLY___ to
2025-03-11 00:15:09,427 INFO     ___FILE_ONLY___  
2025-03-11 00:15:09,427 INFO     ___FILE_ONLY___ support
2025-03-11 00:15:09,427 INFO     ___FILE_ONLY___  
2025-03-11 00:15:09,427 INFO     ___FILE_ONLY___ multiregional
2025-03-11 00:15:09,427 INFO     ___FILE_ONLY___  
2025-03-11 00:15:09,427 INFO     ___FILE_ONLY___ Dataproc
2025-03-11 00:15:09,427 INFO     ___FILE_ONLY___  
2025-03-11 00:15:09,427 INFO     ___FILE_ONLY___ Metastore
2025-03-11 00:15:09,427 INFO     ___FILE_ONLY___  
2025-03-11 00:15:09,427 INFO     ___FILE_ONLY___ with
2025-03-11 00:15:09,427 INFO     ___FILE_ONLY___ 

2025-03-11 00:15:09,427 INFO     ___FILE_ONLY___         
2025-03-11 00:15:09,427 INFO     ___FILE_ONLY___ Customer-managed
2025-03-11 00:15:09,427 INFO     ___FILE_ONLY___  
2025-03-11 00:15:09,427 INFO     ___FILE_ONLY___ encryption
2025-03-11 00:15:09,427 INFO     ___FILE_ONLY___  
2025-03-11 00:15:09,427 INFO     ___FILE_ONLY___ keys.
2025-03-11 00:15:09,427 INFO     ___FILE_ONLY___ 

2025-03-11 00:15:09,427 INFO     ___FILE_ONLY___ 

2025-03-11 00:15:09,427 INFO     ___FILE_ONLY___ 
2025-03-11 00:15:09,427 INFO     ___FILE_ONLY___   
2025-03-11 00:15:09,427 INFO     ___FILE_ONLY___ Eventarc

2025-03-11 00:15:09,427 INFO     ___FILE_ONLY___       ▪
2025-03-11 00:15:09,427 INFO     ___FILE_ONLY___  
2025-03-11 00:15:09,427 INFO     ___FILE_ONLY___ Allowed
2025-03-11 00:15:09,427 INFO     ___FILE_ONLY___  
2025-03-11 00:15:09,427 INFO     ___FILE_ONLY___ using
2025-03-11 00:15:09,427 INFO     ___FILE_ONLY___  
2025-03-11 00:15:09,427 INFO     ___FILE_ONLY___ project
2025-03-11 00:15:09,427 INFO     ___FILE_ONLY___  
2025-03-11 00:15:09,427 INFO     ___FILE_ONLY___ numbers
2025-03-11 00:15:09,428 INFO     ___FILE_ONLY___  
2025-03-11 00:15:09,428 INFO     ___FILE_ONLY___ in
2025-03-11 00:15:09,428 INFO     ___FILE_ONLY___  
2025-03-11 00:15:09,428 INFO     ___FILE_ONLY___ command
2025-03-11 00:15:09,428 INFO     ___FILE_ONLY___  
2025-03-11 00:15:09,428 INFO     ___FILE_ONLY___ arguments.
2025-03-11 00:15:09,428 INFO     ___FILE_ONLY___ 

2025-03-11 00:15:09,428 INFO     ___FILE_ONLY___ 

2025-03-11 00:15:09,428 INFO     ___FILE_ONLY___ 
2025-03-11 00:15:09,428 INFO     ___FILE_ONLY___   
2025-03-11 00:15:09,428 INFO     ___FILE_ONLY___ Kubernetes Engine

2025-03-11 00:15:09,428 INFO     ___FILE_ONLY___       ▪
2025-03-11 00:15:09,428 INFO     ___FILE_ONLY___  
2025-03-11 00:15:09,428 INFO     ___FILE_ONLY___ Added
2025-03-11 00:15:09,428 INFO     ___FILE_ONLY___  
2025-03-11 00:15:09,428 INFO     ___FILE_ONLY___ --[no-]enable-autopilot-compatibility-auditing
2025-03-11 00:15:09,428 INFO     ___FILE_ONLY___  
2025-03-11 00:15:09,428 INFO     ___FILE_ONLY___ flag
2025-03-11 00:15:09,428 INFO     ___FILE_ONLY___  
2025-03-11 00:15:09,428 INFO     ___FILE_ONLY___ to
2025-03-11 00:15:09,428 INFO     ___FILE_ONLY___  
2025-03-11 00:15:09,428 INFO     ___FILE_ONLY___ gcloud
2025-03-11 00:15:09,428 INFO     ___FILE_ONLY___ 

2025-03-11 00:15:09,428 INFO     ___FILE_ONLY___         
2025-03-11 00:15:09,428 INFO     ___FILE_ONLY___ container
2025-03-11 00:15:09,428 INFO     ___FILE_ONLY___  
2025-03-11 00:15:09,428 INFO     ___FILE_ONLY___ clusters
2025-03-11 00:15:09,428 INFO     ___FILE_ONLY___  
2025-03-11 00:15:09,428 INFO     ___FILE_ONLY___ update
2025-03-11 00:15:09,428 INFO     ___FILE_ONLY___  
2025-03-11 00:15:09,428 INFO     ___FILE_ONLY___ for
2025-03-11 00:15:09,428 INFO     ___FILE_ONLY___  
2025-03-11 00:15:09,428 INFO     ___FILE_ONLY___ enabling
2025-03-11 00:15:09,428 INFO     ___FILE_ONLY___  
2025-03-11 00:15:09,428 INFO     ___FILE_ONLY___ and
2025-03-11 00:15:09,428 INFO     ___FILE_ONLY___  
2025-03-11 00:15:09,428 INFO     ___FILE_ONLY___ disabling
2025-03-11 00:15:09,428 INFO     ___FILE_ONLY___  
2025-03-11 00:15:09,428 INFO     ___FILE_ONLY___ Autopilot
2025-03-11 00:15:09,428 INFO     ___FILE_ONLY___ 

2025-03-11 00:15:09,428 INFO     ___FILE_ONLY___         
2025-03-11 00:15:09,428 INFO     ___FILE_ONLY___ Compatibility
2025-03-11 00:15:09,428 INFO     ___FILE_ONLY___  
2025-03-11 00:15:09,428 INFO     ___FILE_ONLY___ Auditing
2025-03-11 00:15:09,428 INFO     ___FILE_ONLY___  
2025-03-11 00:15:09,428 INFO     ___FILE_ONLY___ feature.
2025-03-11 00:15:09,428 INFO     ___FILE_ONLY___  
2025-03-11 00:15:09,429 INFO     ___FILE_ONLY___ Only
2025-03-11 00:15:09,429 INFO     ___FILE_ONLY___  
2025-03-11 00:15:09,429 INFO     ___FILE_ONLY___ applicable
2025-03-11 00:15:09,429 INFO     ___FILE_ONLY___  
2025-03-11 00:15:09,429 INFO     ___FILE_ONLY___ to
2025-03-11 00:15:09,429 INFO     ___FILE_ONLY___  
2025-03-11 00:15:09,429 INFO     ___FILE_ONLY___ clusters
2025-03-11 00:15:09,429 INFO     ___FILE_ONLY___  
2025-03-11 00:15:09,429 INFO     ___FILE_ONLY___ with
2025-03-11 00:15:09,429 INFO     ___FILE_ONLY___ 

2025-03-11 00:15:09,429 INFO     ___FILE_ONLY___         
2025-03-11 00:15:09,429 INFO     ___FILE_ONLY___ version
2025-03-11 00:15:09,429 INFO     ___FILE_ONLY___  
2025-03-11 00:15:09,429 INFO     ___FILE_ONLY___ >=
2025-03-11 00:15:09,429 INFO     ___FILE_ONLY___  
2025-03-11 00:15:09,429 INFO     ___FILE_ONLY___ 1.32.
2025-03-11 00:15:09,429 INFO     ___FILE_ONLY___ 

2025-03-11 00:15:09,429 INFO     ___FILE_ONLY___       ▪
2025-03-11 00:15:09,429 INFO     ___FILE_ONLY___  
2025-03-11 00:15:09,429 INFO     ___FILE_ONLY___ Updated
2025-03-11 00:15:09,429 INFO     ___FILE_ONLY___  
2025-03-11 00:15:09,429 INFO     ___FILE_ONLY___ default
2025-03-11 00:15:09,429 INFO     ___FILE_ONLY___  
2025-03-11 00:15:09,429 INFO     ___FILE_ONLY___ kubectl
2025-03-11 00:15:09,429 INFO     ___FILE_ONLY___  
2025-03-11 00:15:09,429 INFO     ___FILE_ONLY___ from
2025-03-11 00:15:09,429 INFO     ___FILE_ONLY___  
2025-03-11 00:15:09,429 INFO     ___FILE_ONLY___ 1.30.9
2025-03-11 00:15:09,429 INFO     ___FILE_ONLY___  
2025-03-11 00:15:09,429 INFO     ___FILE_ONLY___ to
2025-03-11 00:15:09,429 INFO     ___FILE_ONLY___  
2025-03-11 00:15:09,429 INFO     ___FILE_ONLY___ 1.31.6.
2025-03-11 00:15:09,429 INFO     ___FILE_ONLY___ 

2025-03-11 00:15:09,429 INFO     ___FILE_ONLY___       ▪
2025-03-11 00:15:09,429 INFO     ___FILE_ONLY___  
2025-03-11 00:15:09,429 INFO     ___FILE_ONLY___ Additional
2025-03-11 00:15:09,429 INFO     ___FILE_ONLY___  
2025-03-11 00:15:09,429 INFO     ___FILE_ONLY___ kubectl
2025-03-11 00:15:09,429 INFO     ___FILE_ONLY___  
2025-03-11 00:15:09,429 INFO     ___FILE_ONLY___ versions:
2025-03-11 00:15:09,429 INFO     ___FILE_ONLY___ 

2025-03-11 00:15:09,429 INFO     ___FILE_ONLY___         ◆
2025-03-11 00:15:09,429 INFO     ___FILE_ONLY___  
2025-03-11 00:15:09,429 INFO     ___FILE_ONLY___ kubectl.1.27
2025-03-11 00:15:09,429 INFO     ___FILE_ONLY___  
2025-03-11 00:15:09,429 INFO     ___FILE_ONLY___ (1.27.16)
2025-03-11 00:15:09,429 INFO     ___FILE_ONLY___ 

2025-03-11 00:15:09,429 INFO     ___FILE_ONLY___         ◆
2025-03-11 00:15:09,429 INFO     ___FILE_ONLY___  
2025-03-11 00:15:09,429 INFO     ___FILE_ONLY___ kubectl.1.28
2025-03-11 00:15:09,430 INFO     ___FILE_ONLY___  
2025-03-11 00:15:09,430 INFO     ___FILE_ONLY___ (1.28.15
2025-03-11 00:15:09,430 INFO     ___FILE_ONLY___ 

2025-03-11 00:15:09,430 INFO     ___FILE_ONLY___         ◆
2025-03-11 00:15:09,430 INFO     ___FILE_ONLY___  
2025-03-11 00:15:09,430 INFO     ___FILE_ONLY___ kubectl.1.29
2025-03-11 00:15:09,430 INFO     ___FILE_ONLY___  
2025-03-11 00:15:09,430 INFO     ___FILE_ONLY___ (1.29.13)
2025-03-11 00:15:09,430 INFO     ___FILE_ONLY___ 

2025-03-11 00:15:09,430 INFO     ___FILE_ONLY___         ◆
2025-03-11 00:15:09,430 INFO     ___FILE_ONLY___  
2025-03-11 00:15:09,430 INFO     ___FILE_ONLY___ kubectl.1.30
2025-03-11 00:15:09,430 INFO     ___FILE_ONLY___  
2025-03-11 00:15:09,430 INFO     ___FILE_ONLY___ (1.30.10)
2025-03-11 00:15:09,430 INFO     ___FILE_ONLY___ 

2025-03-11 00:15:09,430 INFO     ___FILE_ONLY___         ◆
2025-03-11 00:15:09,430 INFO     ___FILE_ONLY___  
2025-03-11 00:15:09,430 INFO     ___FILE_ONLY___ kubectl.1.31
2025-03-11 00:15:09,430 INFO     ___FILE_ONLY___  
2025-03-11 00:15:09,430 INFO     ___FILE_ONLY___ (1.31.6)
2025-03-11 00:15:09,430 INFO     ___FILE_ONLY___ 

2025-03-11 00:15:09,430 INFO     ___FILE_ONLY___         ◆
2025-03-11 00:15:09,430 INFO     ___FILE_ONLY___  
2025-03-11 00:15:09,430 INFO     ___FILE_ONLY___ kubectl.1.32
2025-03-11 00:15:09,430 INFO     ___FILE_ONLY___  
2025-03-11 00:15:09,430 INFO     ___FILE_ONLY___ (1.32.2)
2025-03-11 00:15:09,430 INFO     ___FILE_ONLY___ 

2025-03-11 00:15:09,430 INFO     ___FILE_ONLY___ 

2025-03-11 00:15:09,430 INFO     ___FILE_ONLY___ 
2025-03-11 00:15:09,430 INFO     ___FILE_ONLY___   
2025-03-11 00:15:09,430 INFO     ___FILE_ONLY___ Migrate to Virtual Machines

2025-03-11 00:15:09,430 INFO     ___FILE_ONLY___       ▪
2025-03-11 00:15:09,430 INFO     ___FILE_ONLY___  
2025-03-11 00:15:09,430 INFO     ___FILE_ONLY___ Add
2025-03-11 00:15:09,430 INFO     ___FILE_ONLY___  
2025-03-11 00:15:09,430 INFO     ___FILE_ONLY___ --boot-conversion
2025-03-11 00:15:09,430 INFO     ___FILE_ONLY___  
2025-03-11 00:15:09,430 INFO     ___FILE_ONLY___ flag
2025-03-11 00:15:09,430 INFO     ___FILE_ONLY___  
2025-03-11 00:15:09,430 INFO     ___FILE_ONLY___ to
2025-03-11 00:15:09,430 INFO     ___FILE_ONLY___  
2025-03-11 00:15:09,430 INFO     ___FILE_ONLY___ support
2025-03-11 00:15:09,430 INFO     ___FILE_ONLY___  
2025-03-11 00:15:09,430 INFO     ___FILE_ONLY___ BIOS_TO_EFI
2025-03-11 00:15:09,430 INFO     ___FILE_ONLY___  
2025-03-11 00:15:09,430 INFO     ___FILE_ONLY___ conversion.
2025-03-11 00:15:09,430 INFO     ___FILE_ONLY___ 

2025-03-11 00:15:09,431 INFO     ___FILE_ONLY___ 

2025-03-11 00:15:09,431 INFO     ___FILE_ONLY___ 
2025-03-11 00:15:09,431 INFO     ___FILE_ONLY___   
2025-03-11 00:15:09,431 INFO     ___FILE_ONLY___ Network Connectivity

2025-03-11 00:15:09,431 INFO     ___FILE_ONLY___       ▪
2025-03-11 00:15:09,431 INFO     ___FILE_ONLY___  
2025-03-11 00:15:09,431 INFO     ___FILE_ONLY___ Updated
2025-03-11 00:15:09,431 INFO     ___FILE_ONLY___  
2025-03-11 00:15:09,431 INFO     ___FILE_ONLY___ gcloud
2025-03-11 00:15:09,431 INFO     ___FILE_ONLY___  
2025-03-11 00:15:09,431 INFO     ___FILE_ONLY___ network-connectivity
2025-03-11 00:15:09,431 INFO     ___FILE_ONLY___  
2025-03-11 00:15:09,431 INFO     ___FILE_ONLY___ internal-ranges
2025-03-11 00:15:09,431 INFO     ___FILE_ONLY___  
2025-03-11 00:15:09,431 INFO     ___FILE_ONLY___ create
2025-03-11 00:15:09,431 INFO     ___FILE_ONLY___  
2025-03-11 00:15:09,431 INFO     ___FILE_ONLY___ to
2025-03-11 00:15:09,431 INFO     ___FILE_ONLY___  
2025-03-11 00:15:09,431 INFO     ___FILE_ONLY___ allow
2025-03-11 00:15:09,431 INFO     ___FILE_ONLY___ 

2025-03-11 00:15:09,431 INFO     ___FILE_ONLY___         
2025-03-11 00:15:09,431 INFO     ___FILE_ONLY___ specifying
2025-03-11 00:15:09,431 INFO     ___FILE_ONLY___  
2025-03-11 00:15:09,431 INFO     ___FILE_ONLY___ the
2025-03-11 00:15:09,431 INFO     ___FILE_ONLY___  
2025-03-11 00:15:09,431 INFO     ___FILE_ONLY___ exclude
2025-03-11 00:15:09,431 INFO     ___FILE_ONLY___  
2025-03-11 00:15:09,431 INFO     ___FILE_ONLY___ Cidr
2025-03-11 00:15:09,431 INFO     ___FILE_ONLY___  
2025-03-11 00:15:09,431 INFO     ___FILE_ONLY___ Ranges
2025-03-11 00:15:09,431 INFO     ___FILE_ONLY___  
2025-03-11 00:15:09,431 INFO     ___FILE_ONLY___ option.
2025-03-11 00:15:09,431 INFO     ___FILE_ONLY___ 

2025-03-11 00:15:09,431 INFO     ___FILE_ONLY___ 

2025-03-11 00:15:09,431 INFO     ___FILE_ONLY___ 
2025-03-11 00:15:09,431 INFO     ___FILE_ONLY___   
2025-03-11 00:15:09,431 INFO     ___FILE_ONLY___ Network Security

2025-03-11 00:15:09,431 INFO     ___FILE_ONLY___       ▪
2025-03-11 00:15:09,431 INFO     ___FILE_ONLY___  
2025-03-11 00:15:09,431 INFO     ___FILE_ONLY___ Added
2025-03-11 00:15:09,431 INFO     ___FILE_ONLY___  
2025-03-11 00:15:09,431 INFO     ___FILE_ONLY___ --antivirus
2025-03-11 00:15:09,431 INFO     ___FILE_ONLY___  
2025-03-11 00:15:09,431 INFO     ___FILE_ONLY___ flag
2025-03-11 00:15:09,431 INFO     ___FILE_ONLY___  
2025-03-11 00:15:09,431 INFO     ___FILE_ONLY___ to
2025-03-11 00:15:09,431 INFO     ___FILE_ONLY___  
2025-03-11 00:15:09,431 INFO     ___FILE_ONLY___ gcloud
2025-03-11 00:15:09,432 INFO     ___FILE_ONLY___  
2025-03-11 00:15:09,432 INFO     ___FILE_ONLY___ network-security
2025-03-11 00:15:09,432 INFO     ___FILE_ONLY___  
2025-03-11 00:15:09,432 INFO     ___FILE_ONLY___ security-profiles
2025-03-11 00:15:09,432 INFO     ___FILE_ONLY___ 

2025-03-11 00:15:09,432 INFO     ___FILE_ONLY___         
2025-03-11 00:15:09,432 INFO     ___FILE_ONLY___ threat-prevention
2025-03-11 00:15:09,432 INFO     ___FILE_ONLY___  
2025-03-11 00:15:09,432 INFO     ___FILE_ONLY___ add-override|update-override|delete-override
2025-03-11 00:15:09,432 INFO     ___FILE_ONLY___ 

2025-03-11 00:15:09,432 INFO     ___FILE_ONLY___         
2025-03-11 00:15:09,432 INFO     ___FILE_ONLY___ commands.
2025-03-11 00:15:09,432 INFO     ___FILE_ONLY___ 

2025-03-11 00:15:09,432 INFO     ___FILE_ONLY___ 

2025-03-11 00:15:09,432 INFO     ___FILE_ONLY___    
2025-03-11 00:15:09,432 INFO     ___FILE_ONLY___  
2025-03-11 00:15:09,432 INFO     ___FILE_ONLY___ Subscribe
2025-03-11 00:15:09,432 INFO     ___FILE_ONLY___  
2025-03-11 00:15:09,432 INFO     ___FILE_ONLY___ to
2025-03-11 00:15:09,432 INFO     ___FILE_ONLY___  
2025-03-11 00:15:09,432 INFO     ___FILE_ONLY___ these
2025-03-11 00:15:09,432 INFO     ___FILE_ONLY___  
2025-03-11 00:15:09,432 INFO     ___FILE_ONLY___ release
2025-03-11 00:15:09,432 INFO     ___FILE_ONLY___  
2025-03-11 00:15:09,432 INFO     ___FILE_ONLY___ notes
2025-03-11 00:15:09,432 INFO     ___FILE_ONLY___  
2025-03-11 00:15:09,432 INFO     ___FILE_ONLY___ at
2025-03-11 00:15:09,432 INFO     ___FILE_ONLY___ 

2025-03-11 00:15:09,432 INFO     ___FILE_ONLY___     
2025-03-11 00:15:09,432 INFO     ___FILE_ONLY___ https://groups.google.com/forum/#!forum/google-cloud-sdk-announce
2025-03-11 00:15:09,432 INFO     ___FILE_ONLY___ 

2025-03-11 00:15:09,432 INFO     ___FILE_ONLY___     
2025-03-11 00:15:09,432 INFO     ___FILE_ONLY___ (https://groups.google.com/forum/#!forum/google-cloud-sdk-announce).
2025-03-11 00:15:09,432 INFO     ___FILE_ONLY___ 

2025-03-11 00:15:09,432 INFO     ___FILE_ONLY___ 
2025-03-11 00:15:09,432 INFO     ___FILE_ONLY___ 

2025-03-11 00:15:09,433 INFO     ___FILE_ONLY___ Performing in place update...


2025-03-11 00:15:09,433 INFO     ___FILE_ONLY___ ╔════════════════════════════════════════════════════════════╗

2025-03-11 00:15:09,433 INFO     ___FILE_ONLY___ ╠═ Downloading: BigQuery Command Line Tool                  ═╣

2025-03-11 00:15:09,433 INFO     ___FILE_ONLY___ ╚
2025-03-11 00:15:09,443 DEBUG    urllib3.connectionpool Starting new HTTPS connection (1): dl.google.com:443
2025-03-11 00:15:09,571 DEBUG    urllib3.connectionpool https://dl.google.com:443 "GET /dl/cloudsdk/channels/rapid/components/google-cloud-sdk-bq-20250228155416.tar.gz HTTP/11" 200 1845321
2025-03-11 00:15:09,666 INFO     ___FILE_ONLY___ ═
2025-03-11 00:15:09,666 INFO     ___FILE_ONLY___ ═
2025-03-11 00:15:09,666 INFO     ___FILE_ONLY___ ═
2025-03-11 00:15:09,666 INFO     ___FILE_ONLY___ ═
2025-03-11 00:15:09,666 INFO     ___FILE_ONLY___ ═
2025-03-11 00:15:09,666 INFO     ___FILE_ONLY___ ═
2025-03-11 00:15:09,666 INFO     ___FILE_ONLY___ ═
2025-03-11 00:15:09,666 INFO     ___FILE_ONLY___ ═
2025-03-11 00:15:09,666 INFO     ___FILE_ONLY___ ═
2025-03-11 00:15:09,666 INFO     ___FILE_ONLY___ ═
2025-03-11 00:15:09,666 INFO     ___FILE_ONLY___ ═
2025-03-11 00:15:09,666 INFO     ___FILE_ONLY___ ═
2025-03-11 00:15:09,666 INFO     ___FILE_ONLY___ ═
2025-03-11 00:15:09,667 INFO     ___FILE_ONLY___ ═
2025-03-11 00:15:09,667 INFO     ___FILE_ONLY___ ═
2025-03-11 00:15:09,667 INFO     ___FILE_ONLY___ ═
2025-03-11 00:15:09,667 INFO     ___FILE_ONLY___ ═
2025-03-11 00:15:09,667 INFO     ___FILE_ONLY___ ═
2025-03-11 00:15:09,667 INFO     ___FILE_ONLY___ ═
2025-03-11 00:15:09,667 INFO     ___FILE_ONLY___ ═
2025-03-11 00:15:09,667 INFO     ___FILE_ONLY___ ═
2025-03-11 00:15:09,667 INFO     ___FILE_ONLY___ ═
2025-03-11 00:15:09,667 INFO     ___FILE_ONLY___ ═
2025-03-11 00:15:09,667 INFO     ___FILE_ONLY___ ═
2025-03-11 00:15:09,667 INFO     ___FILE_ONLY___ ═
2025-03-11 00:15:09,667 INFO     ___FILE_ONLY___ ═
2025-03-11 00:15:09,667 INFO     ___FILE_ONLY___ ═
2025-03-11 00:15:09,668 INFO     ___FILE_ONLY___ ═
2025-03-11 00:15:09,668 INFO     ___FILE_ONLY___ ═
2025-03-11 00:15:09,668 INFO     ___FILE_ONLY___ ═
2025-03-11 00:15:09,668 INFO     ___FILE_ONLY___ ═
2025-03-11 00:15:09,668 INFO     ___FILE_ONLY___ ═
2025-03-11 00:15:09,668 INFO     ___FILE_ONLY___ ═
2025-03-11 00:15:09,668 INFO     ___FILE_ONLY___ ═
2025-03-11 00:15:09,668 INFO     ___FILE_ONLY___ ═
2025-03-11 00:15:09,668 INFO     ___FILE_ONLY___ ═
2025-03-11 00:15:09,668 INFO     ___FILE_ONLY___ ═
2025-03-11 00:15:09,668 INFO     ___FILE_ONLY___ ═
2025-03-11 00:15:09,669 INFO     ___FILE_ONLY___ ═
2025-03-11 00:15:09,669 INFO     ___FILE_ONLY___ ═
2025-03-11 00:15:09,669 INFO     ___FILE_ONLY___ ═
2025-03-11 00:15:09,669 INFO     ___FILE_ONLY___ ═
2025-03-11 00:15:09,669 INFO     ___FILE_ONLY___ ═
2025-03-11 00:15:09,669 INFO     ___FILE_ONLY___ ═
2025-03-11 00:15:09,669 INFO     ___FILE_ONLY___ ═
2025-03-11 00:15:09,669 INFO     ___FILE_ONLY___ ═
2025-03-11 00:15:09,669 INFO     ___FILE_ONLY___ ═
2025-03-11 00:15:09,669 INFO     ___FILE_ONLY___ ═
2025-03-11 00:15:09,669 INFO     ___FILE_ONLY___ ═
2025-03-11 00:15:09,670 INFO     ___FILE_ONLY___ ═
2025-03-11 00:15:09,670 INFO     ___FILE_ONLY___ ═
2025-03-11 00:15:09,670 INFO     ___FILE_ONLY___ ═
2025-03-11 00:15:09,670 INFO     ___FILE_ONLY___ ═
2025-03-11 00:15:09,670 INFO     ___FILE_ONLY___ ═
2025-03-11 00:15:09,670 INFO     ___FILE_ONLY___ ═
2025-03-11 00:15:09,670 INFO     ___FILE_ONLY___ ═
2025-03-11 00:15:09,670 INFO     ___FILE_ONLY___ ═
2025-03-11 00:15:09,670 INFO     ___FILE_ONLY___ ═
2025-03-11 00:15:09,670 INFO     ___FILE_ONLY___ ═
2025-03-11 00:15:09,671 INFO     ___FILE_ONLY___ ═
2025-03-11 00:15:09,671 INFO     ___FILE_ONLY___ ╝
2025-03-11 00:15:09,672 INFO     ___FILE_ONLY___ ╠════════════════════════════════════════════════════════════╣

2025-03-11 00:15:09,672 INFO     ___FILE_ONLY___ ╠═ Downloading: Google Cloud CLI Core Libraries             ═╣

2025-03-11 00:15:09,672 INFO     ___FILE_ONLY___ ╚
2025-03-11 00:15:09,674 DEBUG    urllib3.connectionpool Starting new HTTPS connection (1): dl.google.com:443
2025-03-11 00:15:09,811 DEBUG    urllib3.connectionpool https://dl.google.com:443 "GET /dl/cloudsdk/channels/rapid/components/google-cloud-sdk-core-20250228155416.tar.gz HTTP/11" 200 22055034
2025-03-11 00:15:10,533 INFO     ___FILE_ONLY___ ═
2025-03-11 00:15:10,533 INFO     ___FILE_ONLY___ ═
2025-03-11 00:15:10,534 INFO     ___FILE_ONLY___ ═
2025-03-11 00:15:10,534 INFO     ___FILE_ONLY___ ═
2025-03-11 00:15:10,534 INFO     ___FILE_ONLY___ ═
2025-03-11 00:15:10,535 INFO     ___FILE_ONLY___ ═
2025-03-11 00:15:10,535 INFO     ___FILE_ONLY___ ═
2025-03-11 00:15:10,535 INFO     ___FILE_ONLY___ ═
2025-03-11 00:15:10,535 INFO     ___FILE_ONLY___ ═
2025-03-11 00:15:10,536 INFO     ___FILE_ONLY___ ═
2025-03-11 00:15:10,538 INFO     ___FILE_ONLY___ ═
2025-03-11 00:15:10,538 INFO     ___FILE_ONLY___ ═
2025-03-11 00:15:10,539 INFO     ___FILE_ONLY___ ═
2025-03-11 00:15:10,539 INFO     ___FILE_ONLY___ ═
2025-03-11 00:15:10,539 INFO     ___FILE_ONLY___ ═
2025-03-11 00:15:10,540 INFO     ___FILE_ONLY___ ═
2025-03-11 00:15:10,540 INFO     ___FILE_ONLY___ ═
2025-03-11 00:15:10,540 INFO     ___FILE_ONLY___ ═
2025-03-11 00:15:10,540 INFO     ___FILE_ONLY___ ═
2025-03-11 00:15:10,541 INFO     ___FILE_ONLY___ ═
2025-03-11 00:15:10,541 INFO     ___FILE_ONLY___ ═
2025-03-11 00:15:10,541 INFO     ___FILE_ONLY___ ═
2025-03-11 00:15:10,541 INFO     ___FILE_ONLY___ ═
2025-03-11 00:15:10,542 INFO     ___FILE_ONLY___ ═
2025-03-11 00:15:10,542 INFO     ___FILE_ONLY___ ═
2025-03-11 00:15:10,542 INFO     ___FILE_ONLY___ ═
2025-03-11 00:15:10,542 INFO     ___FILE_ONLY___ ═
2025-03-11 00:15:10,543 INFO     ___FILE_ONLY___ ═
2025-03-11 00:15:10,543 INFO     ___FILE_ONLY___ ═
2025-03-11 00:15:10,543 INFO     ___FILE_ONLY___ ═
2025-03-11 00:15:10,544 INFO     ___FILE_ONLY___ ═
2025-03-11 00:15:10,544 INFO     ___FILE_ONLY___ ═
2025-03-11 00:15:10,544 INFO     ___FILE_ONLY___ ═
2025-03-11 00:15:10,544 INFO     ___FILE_ONLY___ ═
2025-03-11 00:15:10,545 INFO     ___FILE_ONLY___ ═
2025-03-11 00:15:10,545 INFO     ___FILE_ONLY___ ═
2025-03-11 00:15:10,545 INFO     ___FILE_ONLY___ ═
2025-03-11 00:15:10,546 INFO     ___FILE_ONLY___ ═
2025-03-11 00:15:10,546 INFO     ___FILE_ONLY___ ═
2025-03-11 00:15:10,546 INFO     ___FILE_ONLY___ ═
2025-03-11 00:15:10,546 INFO     ___FILE_ONLY___ ═
2025-03-11 00:15:10,547 INFO     ___FILE_ONLY___ ═
2025-03-11 00:15:10,547 INFO     ___FILE_ONLY___ ═
2025-03-11 00:15:10,547 INFO     ___FILE_ONLY___ ═
2025-03-11 00:15:10,548 INFO     ___FILE_ONLY___ ═
2025-03-11 00:15:10,548 INFO     ___FILE_ONLY___ ═
2025-03-11 00:15:10,548 INFO     ___FILE_ONLY___ ═
2025-03-11 00:15:10,548 INFO     ___FILE_ONLY___ ═
2025-03-11 00:15:10,549 INFO     ___FILE_ONLY___ ═
2025-03-11 00:15:10,549 INFO     ___FILE_ONLY___ ═
2025-03-11 00:15:10,549 INFO     ___FILE_ONLY___ ═
2025-03-11 00:15:10,549 INFO     ___FILE_ONLY___ ═
2025-03-11 00:15:10,550 INFO     ___FILE_ONLY___ ═
2025-03-11 00:15:10,550 INFO     ___FILE_ONLY___ ═
2025-03-11 00:15:10,550 INFO     ___FILE_ONLY___ ═
2025-03-11 00:15:10,551 INFO     ___FILE_ONLY___ ═
2025-03-11 00:15:10,551 INFO     ___FILE_ONLY___ ═
2025-03-11 00:15:10,552 INFO     ___FILE_ONLY___ ═
2025-03-11 00:15:10,552 INFO     ___FILE_ONLY___ ═
2025-03-11 00:15:10,552 INFO     ___FILE_ONLY___ ═
2025-03-11 00:15:10,552 INFO     ___FILE_ONLY___ ╝
2025-03-11 00:15:10,556 INFO     ___FILE_ONLY___ ╠════════════════════════════════════════════════════════════╣

2025-03-11 00:15:10,556 INFO     ___FILE_ONLY___ ╠═ Downloading: gcloud cli dependencies                     ═╣

2025-03-11 00:15:10,556 INFO     ___FILE_ONLY___ ╚
2025-03-11 00:15:10,558 DEBUG    urllib3.connectionpool Starting new HTTPS connection (1): dl.google.com:443
2025-03-11 00:15:10,725 DEBUG    urllib3.connectionpool https://dl.google.com:443 "GET /dl/cloudsdk/channels/rapid/components/google-cloud-sdk-gcloud-deps-20250228155416.tar.gz HTTP/11" 200 17665833
2025-03-11 00:15:11,312 INFO     ___FILE_ONLY___ ═
2025-03-11 00:15:11,312 INFO     ___FILE_ONLY___ ═
2025-03-11 00:15:11,313 INFO     ___FILE_ONLY___ ═
2025-03-11 00:15:11,313 INFO     ___FILE_ONLY___ ═
2025-03-11 00:15:11,313 INFO     ___FILE_ONLY___ ═
2025-03-11 00:15:11,313 INFO     ___FILE_ONLY___ ═
2025-03-11 00:15:11,314 INFO     ___FILE_ONLY___ ═
2025-03-11 00:15:11,314 INFO     ___FILE_ONLY___ ═
2025-03-11 00:15:11,316 INFO     ___FILE_ONLY___ ═
2025-03-11 00:15:11,316 INFO     ___FILE_ONLY___ ═
2025-03-11 00:15:11,316 INFO     ___FILE_ONLY___ ═
2025-03-11 00:15:11,316 INFO     ___FILE_ONLY___ ═
2025-03-11 00:15:11,317 INFO     ___FILE_ONLY___ ═
2025-03-11 00:15:11,317 INFO     ___FILE_ONLY___ ═
2025-03-11 00:15:11,318 INFO     ___FILE_ONLY___ ═
2025-03-11 00:15:11,318 INFO     ___FILE_ONLY___ ═
2025-03-11 00:15:11,318 INFO     ___FILE_ONLY___ ═
2025-03-11 00:15:11,319 INFO     ___FILE_ONLY___ ═
2025-03-11 00:15:11,319 INFO     ___FILE_ONLY___ ═
2025-03-11 00:15:11,319 INFO     ___FILE_ONLY___ ═
2025-03-11 00:15:11,319 INFO     ___FILE_ONLY___ ═
2025-03-11 00:15:11,319 INFO     ___FILE_ONLY___ ═
2025-03-11 00:15:11,320 INFO     ___FILE_ONLY___ ═
2025-03-11 00:15:11,320 INFO     ___FILE_ONLY___ ═
2025-03-11 00:15:11,320 INFO     ___FILE_ONLY___ ═
2025-03-11 00:15:11,321 INFO     ___FILE_ONLY___ ═
2025-03-11 00:15:11,321 INFO     ___FILE_ONLY___ ═
2025-03-11 00:15:11,321 INFO     ___FILE_ONLY___ ═
2025-03-11 00:15:11,321 INFO     ___FILE_ONLY___ ═
2025-03-11 00:15:11,321 INFO     ___FILE_ONLY___ ═
2025-03-11 00:15:11,322 INFO     ___FILE_ONLY___ ═
2025-03-11 00:15:11,322 INFO     ___FILE_ONLY___ ═
2025-03-11 00:15:11,322 INFO     ___FILE_ONLY___ ═
2025-03-11 00:15:11,322 INFO     ___FILE_ONLY___ ═
2025-03-11 00:15:11,323 INFO     ___FILE_ONLY___ ═
2025-03-11 00:15:11,323 INFO     ___FILE_ONLY___ ═
2025-03-11 00:15:11,323 INFO     ___FILE_ONLY___ ═
2025-03-11 00:15:11,323 INFO     ___FILE_ONLY___ ═
2025-03-11 00:15:11,323 INFO     ___FILE_ONLY___ ═
2025-03-11 00:15:11,324 INFO     ___FILE_ONLY___ ═
2025-03-11 00:15:11,324 INFO     ___FILE_ONLY___ ═
2025-03-11 00:15:11,324 INFO     ___FILE_ONLY___ ═
2025-03-11 00:15:11,324 INFO     ___FILE_ONLY___ ═
2025-03-11 00:15:11,324 INFO     ___FILE_ONLY___ ═
2025-03-11 00:15:11,325 INFO     ___FILE_ONLY___ ═
2025-03-11 00:15:11,325 INFO     ___FILE_ONLY___ ═
2025-03-11 00:15:11,325 INFO     ___FILE_ONLY___ ═
2025-03-11 00:15:11,325 INFO     ___FILE_ONLY___ ═
2025-03-11 00:15:11,326 INFO     ___FILE_ONLY___ ═
2025-03-11 00:15:11,326 INFO     ___FILE_ONLY___ ═
2025-03-11 00:15:11,326 INFO     ___FILE_ONLY___ ═
2025-03-11 00:15:11,326 INFO     ___FILE_ONLY___ ═
2025-03-11 00:15:11,326 INFO     ___FILE_ONLY___ ═
2025-03-11 00:15:11,327 INFO     ___FILE_ONLY___ ═
2025-03-11 00:15:11,327 INFO     ___FILE_ONLY___ ═
2025-03-11 00:15:11,327 INFO     ___FILE_ONLY___ ═
2025-03-11 00:15:11,328 INFO     ___FILE_ONLY___ ═
2025-03-11 00:15:11,328 INFO     ___FILE_ONLY___ ═
2025-03-11 00:15:11,328 INFO     ___FILE_ONLY___ ═
2025-03-11 00:15:11,328 INFO     ___FILE_ONLY___ ═
2025-03-11 00:15:11,328 INFO     ___FILE_ONLY___ ╝
2025-03-11 00:15:11,328 INFO     ___FILE_ONLY___ ╠════════════════════════════════════════════════════════════╣

2025-03-11 00:15:11,329 INFO     ___FILE_ONLY___ ╠═ Uninstalling: BigQuery Command Line Tool                 ═╣

2025-03-11 00:15:11,329 INFO     ___FILE_ONLY___ ╚
2025-03-11 00:15:11,339 INFO     ___FILE_ONLY___ ═
2025-03-11 00:15:11,339 INFO     ___FILE_ONLY___ ═
2025-03-11 00:15:11,339 INFO     ___FILE_ONLY___ ═
2025-03-11 00:15:11,340 INFO     ___FILE_ONLY___ ═
2025-03-11 00:15:11,340 INFO     ___FILE_ONLY___ ═
2025-03-11 00:15:11,341 INFO     ___FILE_ONLY___ ═
2025-03-11 00:15:11,342 INFO     ___FILE_ONLY___ ═
2025-03-11 00:15:11,343 INFO     ___FILE_ONLY___ ═
2025-03-11 00:15:11,343 INFO     ___FILE_ONLY___ ═
2025-03-11 00:15:11,343 INFO     ___FILE_ONLY___ ═
2025-03-11 00:15:11,344 INFO     ___FILE_ONLY___ ═
2025-03-11 00:15:11,344 INFO     ___FILE_ONLY___ ═
2025-03-11 00:15:11,345 INFO     ___FILE_ONLY___ ═
2025-03-11 00:15:11,346 INFO     ___FILE_ONLY___ ═
2025-03-11 00:15:11,347 INFO     ___FILE_ONLY___ ═
2025-03-11 00:15:11,347 INFO     ___FILE_ONLY___ ═
2025-03-11 00:15:11,348 INFO     ___FILE_ONLY___ ═
2025-03-11 00:15:11,348 INFO     ___FILE_ONLY___ ═
2025-03-11 00:15:11,349 INFO     ___FILE_ONLY___ ═
2025-03-11 00:15:11,349 INFO     ___FILE_ONLY___ ═
2025-03-11 00:15:11,350 INFO     ___FILE_ONLY___ ═
2025-03-11 00:15:11,350 INFO     ___FILE_ONLY___ ═
2025-03-11 00:15:11,351 INFO     ___FILE_ONLY___ ═
2025-03-11 00:15:11,351 INFO     ___FILE_ONLY___ ═
2025-03-11 00:15:11,351 INFO     ___FILE_ONLY___ ═
2025-03-11 00:15:11,352 INFO     ___FILE_ONLY___ ═
2025-03-11 00:15:11,352 INFO     ___FILE_ONLY___ ═
2025-03-11 00:15:11,353 INFO     ___FILE_ONLY___ ═
2025-03-11 00:15:11,353 INFO     ___FILE_ONLY___ ═
2025-03-11 00:15:11,354 INFO     ___FILE_ONLY___ ═
2025-03-11 00:15:11,354 INFO     ___FILE_ONLY___ ═
2025-03-11 00:15:11,354 INFO     ___FILE_ONLY___ ═
2025-03-11 00:15:11,355 INFO     ___FILE_ONLY___ ═
2025-03-11 00:15:11,356 INFO     ___FILE_ONLY___ ═
2025-03-11 00:15:11,356 INFO     ___FILE_ONLY___ ═
2025-03-11 00:15:11,357 INFO     ___FILE_ONLY___ ═
2025-03-11 00:15:11,357 INFO     ___FILE_ONLY___ ═
2025-03-11 00:15:11,357 INFO     ___FILE_ONLY___ ═
2025-03-11 00:15:11,358 INFO     ___FILE_ONLY___ ═
2025-03-11 00:15:11,358 INFO     ___FILE_ONLY___ ═
2025-03-11 00:15:11,359 INFO     ___FILE_ONLY___ ═
2025-03-11 00:15:11,359 INFO     ___FILE_ONLY___ ═
2025-03-11 00:15:11,360 INFO     ___FILE_ONLY___ ═
2025-03-11 00:15:11,360 INFO     ___FILE_ONLY___ ═
2025-03-11 00:15:11,361 INFO     ___FILE_ONLY___ ═
2025-03-11 00:15:11,361 INFO     ___FILE_ONLY___ ═
2025-03-11 00:15:11,361 INFO     ___FILE_ONLY___ ═
2025-03-11 00:15:11,362 INFO     ___FILE_ONLY___ ═
2025-03-11 00:15:11,362 INFO     ___FILE_ONLY___ ═
2025-03-11 00:15:11,363 INFO     ___FILE_ONLY___ ═
2025-03-11 00:15:11,363 INFO     ___FILE_ONLY___ ═
2025-03-11 00:15:11,364 INFO     ___FILE_ONLY___ ═
2025-03-11 00:15:11,364 INFO     ___FILE_ONLY___ ═
2025-03-11 00:15:11,364 INFO     ___FILE_ONLY___ ═
2025-03-11 00:15:11,365 INFO     ___FILE_ONLY___ ═
2025-03-11 00:15:11,365 INFO     ___FILE_ONLY___ ═
2025-03-11 00:15:11,366 INFO     ___FILE_ONLY___ ═
2025-03-11 00:15:11,366 INFO     ___FILE_ONLY___ ═
2025-03-11 00:15:11,366 INFO     ___FILE_ONLY___ ═
2025-03-11 00:15:11,366 INFO     ___FILE_ONLY___ ═
2025-03-11 00:15:11,366 INFO     ___FILE_ONLY___ ╝
2025-03-11 00:15:11,371 INFO     ___FILE_ONLY___ ╠════════════════════════════════════════════════════════════╣

2025-03-11 00:15:11,371 INFO     ___FILE_ONLY___ ╠═ Uninstalling: Google Cloud CLI Core Libraries            ═╣

2025-03-11 00:15:11,371 INFO     ___FILE_ONLY___ ╚
2025-03-11 00:15:11,387 INFO     ___FILE_ONLY___ ═
2025-03-11 00:15:11,396 INFO     ___FILE_ONLY___ ═
2025-03-11 00:15:11,404 INFO     ___FILE_ONLY___ ═
2025-03-11 00:15:11,413 INFO     ___FILE_ONLY___ ═
2025-03-11 00:15:11,423 INFO     ___FILE_ONLY___ ═
2025-03-11 00:15:11,432 INFO     ___FILE_ONLY___ ═
2025-03-11 00:15:11,442 INFO     ___FILE_ONLY___ ═
2025-03-11 00:15:11,454 INFO     ___FILE_ONLY___ ═
2025-03-11 00:15:11,463 INFO     ___FILE_ONLY___ ═
2025-03-11 00:15:11,473 INFO     ___FILE_ONLY___ ═
2025-03-11 00:15:11,482 INFO     ___FILE_ONLY___ ═
2025-03-11 00:15:11,491 INFO     ___FILE_ONLY___ ═
2025-03-11 00:15:11,500 INFO     ___FILE_ONLY___ ═
2025-03-11 00:15:11,508 INFO     ___FILE_ONLY___ ═
2025-03-11 00:15:11,516 INFO     ___FILE_ONLY___ ═
2025-03-11 00:15:11,530 INFO     ___FILE_ONLY___ ═
2025-03-11 00:15:11,541 INFO     ___FILE_ONLY___ ═
2025-03-11 00:15:11,553 INFO     ___FILE_ONLY___ ═
2025-03-11 00:15:11,565 INFO     ___FILE_ONLY___ ═
2025-03-11 00:15:11,576 INFO     ___FILE_ONLY___ ═
2025-03-11 00:15:11,586 INFO     ___FILE_ONLY___ ═
2025-03-11 00:15:11,597 INFO     ___FILE_ONLY___ ═
2025-03-11 00:15:11,608 INFO     ___FILE_ONLY___ ═
2025-03-11 00:15:11,614 INFO     ___FILE_ONLY___ ═
2025-03-11 00:15:11,621 INFO     ___FILE_ONLY___ ═
2025-03-11 00:15:11,627 INFO     ___FILE_ONLY___ ═
2025-03-11 00:15:11,634 INFO     ___FILE_ONLY___ ═
2025-03-11 00:15:11,643 INFO     ___FILE_ONLY___ ═
2025-03-11 00:15:11,653 INFO     ___FILE_ONLY___ ═
2025-03-11 00:15:11,662 INFO     ___FILE_ONLY___ ═
2025-03-11 00:15:11,670 INFO     ___FILE_ONLY___ ═
2025-03-11 00:15:11,678 INFO     ___FILE_ONLY___ ═
2025-03-11 00:15:11,687 INFO     ___FILE_ONLY___ ═
2025-03-11 00:15:11,695 INFO     ___FILE_ONLY___ ═
2025-03-11 00:15:11,704 INFO     ___FILE_ONLY___ ═
2025-03-11 00:15:11,712 INFO     ___FILE_ONLY___ ═
2025-03-11 00:15:11,721 INFO     ___FILE_ONLY___ ═
2025-03-11 00:15:11,730 INFO     ___FILE_ONLY___ ═
2025-03-11 00:15:11,739 INFO     ___FILE_ONLY___ ═
2025-03-11 00:15:11,746 INFO     ___FILE_ONLY___ ═
2025-03-11 00:15:11,754 INFO     ___FILE_ONLY___ ═
2025-03-11 00:15:11,762 INFO     ___FILE_ONLY___ ═
2025-03-11 00:15:11,771 INFO     ___FILE_ONLY___ ═
2025-03-11 00:15:11,783 INFO     ___FILE_ONLY___ ═
2025-03-11 00:15:11,792 INFO     ___FILE_ONLY___ ═
2025-03-11 00:15:11,801 INFO     ___FILE_ONLY___ ═
2025-03-11 00:15:11,810 INFO     ___FILE_ONLY___ ═
2025-03-11 00:15:11,819 INFO     ___FILE_ONLY___ ═
2025-03-11 00:15:11,826 INFO     ___FILE_ONLY___ ═
2025-03-11 00:15:11,835 INFO     ___FILE_ONLY___ ═
2025-03-11 00:15:11,845 INFO     ___FILE_ONLY___ ═
2025-03-11 00:15:11,854 INFO     ___FILE_ONLY___ ═
2025-03-11 00:15:11,863 INFO     ___FILE_ONLY___ ═
2025-03-11 00:15:11,871 INFO     ___FILE_ONLY___ ═
2025-03-11 00:15:11,879 INFO     ___FILE_ONLY___ ═
2025-03-11 00:15:11,889 INFO     ___FILE_ONLY___ ═
2025-03-11 00:15:11,899 INFO     ___FILE_ONLY___ ═
2025-03-11 00:15:11,908 INFO     ___FILE_ONLY___ ═
2025-03-11 00:15:11,917 INFO     ___FILE_ONLY___ ═
2025-03-11 00:15:11,926 INFO     ___FILE_ONLY___ ═
2025-03-11 00:15:11,926 INFO     ___FILE_ONLY___ ╝
2025-03-11 00:15:12,071 INFO     ___FILE_ONLY___ ╠════════════════════════════════════════════════════════════╣

2025-03-11 00:15:12,072 INFO     ___FILE_ONLY___ ╠═ Uninstalling: gcloud cli dependencies                    ═╣

2025-03-11 00:15:12,072 INFO     ___FILE_ONLY___ ╚
2025-03-11 00:15:12,080 INFO     ___FILE_ONLY___ ═
2025-03-11 00:15:12,085 INFO     ___FILE_ONLY___ ═
2025-03-11 00:15:12,089 INFO     ___FILE_ONLY___ ═
2025-03-11 00:15:12,094 INFO     ___FILE_ONLY___ ═
2025-03-11 00:15:12,097 INFO     ___FILE_ONLY___ ═
2025-03-11 00:15:12,101 INFO     ___FILE_ONLY___ ═
2025-03-11 00:15:12,105 INFO     ___FILE_ONLY___ ═
2025-03-11 00:15:12,108 INFO     ___FILE_ONLY___ ═
2025-03-11 00:15:12,112 INFO     ___FILE_ONLY___ ═
2025-03-11 00:15:12,116 INFO     ___FILE_ONLY___ ═
2025-03-11 00:15:12,119 INFO     ___FILE_ONLY___ ═
2025-03-11 00:15:12,123 INFO     ___FILE_ONLY___ ═
2025-03-11 00:15:12,127 INFO     ___FILE_ONLY___ ═
2025-03-11 00:15:12,131 INFO     ___FILE_ONLY___ ═
2025-03-11 00:15:12,134 INFO     ___FILE_ONLY___ ═
2025-03-11 00:15:12,138 INFO     ___FILE_ONLY___ ═
2025-03-11 00:15:12,142 INFO     ___FILE_ONLY___ ═
2025-03-11 00:15:12,146 INFO     ___FILE_ONLY___ ═
2025-03-11 00:15:12,149 INFO     ___FILE_ONLY___ ═
2025-03-11 00:15:12,151 INFO     ___FILE_ONLY___ ═
2025-03-11 00:15:12,154 INFO     ___FILE_ONLY___ ═
2025-03-11 00:15:12,157 INFO     ___FILE_ONLY___ ═
2025-03-11 00:15:12,159 INFO     ___FILE_ONLY___ ═
2025-03-11 00:15:12,162 INFO     ___FILE_ONLY___ ═
2025-03-11 00:15:12,165 INFO     ___FILE_ONLY___ ═
2025-03-11 00:15:12,168 INFO     ___FILE_ONLY___ ═
2025-03-11 00:15:12,171 INFO     ___FILE_ONLY___ ═
2025-03-11 00:15:12,174 INFO     ___FILE_ONLY___ ═
2025-03-11 00:15:12,177 INFO     ___FILE_ONLY___ ═
2025-03-11 00:15:12,180 INFO     ___FILE_ONLY___ ═
2025-03-11 00:15:12,183 INFO     ___FILE_ONLY___ ═
2025-03-11 00:15:12,186 INFO     ___FILE_ONLY___ ═
2025-03-11 00:15:12,189 INFO     ___FILE_ONLY___ ═
2025-03-11 00:15:12,191 INFO     ___FILE_ONLY___ ═
2025-03-11 00:15:12,194 INFO     ___FILE_ONLY___ ═
2025-03-11 00:15:12,197 INFO     ___FILE_ONLY___ ═
2025-03-11 00:15:12,199 INFO     ___FILE_ONLY___ ═
2025-03-11 00:15:12,202 INFO     ___FILE_ONLY___ ═
2025-03-11 00:15:12,205 INFO     ___FILE_ONLY___ ═
2025-03-11 00:15:12,208 INFO     ___FILE_ONLY___ ═
2025-03-11 00:15:12,211 INFO     ___FILE_ONLY___ ═
2025-03-11 00:15:12,214 INFO     ___FILE_ONLY___ ═
2025-03-11 00:15:12,217 INFO     ___FILE_ONLY___ ═
2025-03-11 00:15:12,220 INFO     ___FILE_ONLY___ ═
2025-03-11 00:15:12,222 INFO     ___FILE_ONLY___ ═
2025-03-11 00:15:12,225 INFO     ___FILE_ONLY___ ═
2025-03-11 00:15:12,227 INFO     ___FILE_ONLY___ ═
2025-03-11 00:15:12,231 INFO     ___FILE_ONLY___ ═
2025-03-11 00:15:12,233 INFO     ___FILE_ONLY___ ═
2025-03-11 00:15:12,236 INFO     ___FILE_ONLY___ ═
2025-03-11 00:15:12,238 INFO     ___FILE_ONLY___ ═
2025-03-11 00:15:12,240 INFO     ___FILE_ONLY___ ═
2025-03-11 00:15:12,243 INFO     ___FILE_ONLY___ ═
2025-03-11 00:15:12,245 INFO     ___FILE_ONLY___ ═
2025-03-11 00:15:12,247 INFO     ___FILE_ONLY___ ═
2025-03-11 00:15:12,251 INFO     ___FILE_ONLY___ ═
2025-03-11 00:15:12,254 INFO     ___FILE_ONLY___ ═
2025-03-11 00:15:12,257 INFO     ___FILE_ONLY___ ═
2025-03-11 00:15:12,260 INFO     ___FILE_ONLY___ ═
2025-03-11 00:15:12,263 INFO     ___FILE_ONLY___ ═
2025-03-11 00:15:12,263 INFO     ___FILE_ONLY___ ╝
2025-03-11 00:15:12,313 INFO     ___FILE_ONLY___ ╠════════════════════════════════════════════════════════════╣

2025-03-11 00:15:12,313 INFO     ___FILE_ONLY___ ╠═ Installing: BigQuery Command Line Tool                   ═╣

2025-03-11 00:15:12,313 INFO     ___FILE_ONLY___ ╚
2025-03-11 00:15:12,378 INFO     ___FILE_ONLY___ ═
2025-03-11 00:15:12,380 INFO     ___FILE_ONLY___ ═
2025-03-11 00:15:12,381 INFO     ___FILE_ONLY___ ═
2025-03-11 00:15:12,383 INFO     ___FILE_ONLY___ ═
2025-03-11 00:15:12,385 INFO     ___FILE_ONLY___ ═
2025-03-11 00:15:12,386 INFO     ___FILE_ONLY___ ═
2025-03-11 00:15:12,387 INFO     ___FILE_ONLY___ ═
2025-03-11 00:15:12,388 INFO     ___FILE_ONLY___ ═
2025-03-11 00:15:12,389 INFO     ___FILE_ONLY___ ═
2025-03-11 00:15:12,390 INFO     ___FILE_ONLY___ ═
2025-03-11 00:15:12,391 INFO     ___FILE_ONLY___ ═
2025-03-11 00:15:12,392 INFO     ___FILE_ONLY___ ═
2025-03-11 00:15:12,393 INFO     ___FILE_ONLY___ ═
2025-03-11 00:15:12,394 INFO     ___FILE_ONLY___ ═
2025-03-11 00:15:12,395 INFO     ___FILE_ONLY___ ═
2025-03-11 00:15:12,396 INFO     ___FILE_ONLY___ ═
2025-03-11 00:15:12,397 INFO     ___FILE_ONLY___ ═
2025-03-11 00:15:12,398 INFO     ___FILE_ONLY___ ═
2025-03-11 00:15:12,400 INFO     ___FILE_ONLY___ ═
2025-03-11 00:15:12,401 INFO     ___FILE_ONLY___ ═
2025-03-11 00:15:12,401 INFO     ___FILE_ONLY___ ═
2025-03-11 00:15:12,403 INFO     ___FILE_ONLY___ ═
2025-03-11 00:15:12,403 INFO     ___FILE_ONLY___ ═
2025-03-11 00:15:12,404 INFO     ___FILE_ONLY___ ═
2025-03-11 00:15:12,405 INFO     ___FILE_ONLY___ ═
2025-03-11 00:15:12,406 INFO     ___FILE_ONLY___ ═
2025-03-11 00:15:12,407 INFO     ___FILE_ONLY___ ═
2025-03-11 00:15:12,408 INFO     ___FILE_ONLY___ ═
2025-03-11 00:15:12,410 INFO     ___FILE_ONLY___ ═
2025-03-11 00:15:12,411 INFO     ___FILE_ONLY___ ═
2025-03-11 00:15:12,412 INFO     ___FILE_ONLY___ ═
2025-03-11 00:15:12,412 INFO     ___FILE_ONLY___ ═
2025-03-11 00:15:12,414 INFO     ___FILE_ONLY___ ═
2025-03-11 00:15:12,416 INFO     ___FILE_ONLY___ ═
2025-03-11 00:15:12,420 INFO     ___FILE_ONLY___ ═
2025-03-11 00:15:12,423 INFO     ___FILE_ONLY___ ═
2025-03-11 00:15:12,426 INFO     ___FILE_ONLY___ ═
2025-03-11 00:15:12,427 INFO     ___FILE_ONLY___ ═
2025-03-11 00:15:12,428 INFO     ___FILE_ONLY___ ═
2025-03-11 00:15:12,430 INFO     ___FILE_ONLY___ ═
2025-03-11 00:15:12,430 INFO     ___FILE_ONLY___ ═
2025-03-11 00:15:12,432 INFO     ___FILE_ONLY___ ═
2025-03-11 00:15:12,434 INFO     ___FILE_ONLY___ ═
2025-03-11 00:15:12,435 INFO     ___FILE_ONLY___ ═
2025-03-11 00:15:12,436 INFO     ___FILE_ONLY___ ═
2025-03-11 00:15:12,437 INFO     ___FILE_ONLY___ ═
2025-03-11 00:15:12,438 INFO     ___FILE_ONLY___ ═
2025-03-11 00:15:12,439 INFO     ___FILE_ONLY___ ═
2025-03-11 00:15:12,440 INFO     ___FILE_ONLY___ ═
2025-03-11 00:15:12,441 INFO     ___FILE_ONLY___ ═
2025-03-11 00:15:12,442 INFO     ___FILE_ONLY___ ═
2025-03-11 00:15:12,443 INFO     ___FILE_ONLY___ ═
2025-03-11 00:15:12,444 INFO     ___FILE_ONLY___ ═
2025-03-11 00:15:12,445 INFO     ___FILE_ONLY___ ═
2025-03-11 00:15:12,446 INFO     ___FILE_ONLY___ ═
2025-03-11 00:15:12,447 INFO     ___FILE_ONLY___ ═
2025-03-11 00:15:12,448 INFO     ___FILE_ONLY___ ═
2025-03-11 00:15:12,449 INFO     ___FILE_ONLY___ ═
2025-03-11 00:15:12,450 INFO     ___FILE_ONLY___ ═
2025-03-11 00:15:12,451 INFO     ___FILE_ONLY___ ═
2025-03-11 00:15:12,451 INFO     ___FILE_ONLY___ ╝
2025-03-11 00:15:12,455 INFO     ___FILE_ONLY___ ╠════════════════════════════════════════════════════════════╣

2025-03-11 00:15:12,455 INFO     ___FILE_ONLY___ ╠═ Installing: Google Cloud CLI Core Libraries              ═╣

2025-03-11 00:15:12,455 INFO     ___FILE_ONLY___ ╚
2025-03-11 00:15:13,617 INFO     ___FILE_ONLY___ ═
2025-03-11 00:15:13,639 INFO     ___FILE_ONLY___ ═
2025-03-11 00:15:13,658 INFO     ___FILE_ONLY___ ═
2025-03-11 00:15:13,677 INFO     ___FILE_ONLY___ ═
2025-03-11 00:15:13,696 INFO     ___FILE_ONLY___ ═
2025-03-11 00:15:13,725 INFO     ___FILE_ONLY___ ═
2025-03-11 00:15:13,751 INFO     ___FILE_ONLY___ ═
2025-03-11 00:15:13,775 INFO     ___FILE_ONLY___ ═
2025-03-11 00:15:13,799 INFO     ___FILE_ONLY___ ═
2025-03-11 00:15:13,822 INFO     ___FILE_ONLY___ ═
2025-03-11 00:15:13,842 INFO     ___FILE_ONLY___ ═
2025-03-11 00:15:13,862 INFO     ___FILE_ONLY___ ═
2025-03-11 00:15:13,884 INFO     ___FILE_ONLY___ ═
2025-03-11 00:15:13,906 INFO     ___FILE_ONLY___ ═
2025-03-11 00:15:13,956 INFO     ___FILE_ONLY___ ═
2025-03-11 00:15:14,009 INFO     ___FILE_ONLY___ ═
2025-03-11 00:15:14,125 INFO     ___FILE_ONLY___ ═
2025-03-11 00:15:14,192 INFO     ___FILE_ONLY___ ═
2025-03-11 00:15:14,257 INFO     ___FILE_ONLY___ ═
2025-03-11 00:15:14,316 INFO     ___FILE_ONLY___ ═
2025-03-11 00:15:14,371 INFO     ___FILE_ONLY___ ═
2025-03-11 00:15:14,415 INFO     ___FILE_ONLY___ ═
2025-03-11 00:15:14,457 INFO     ___FILE_ONLY___ ═
2025-03-11 00:15:14,473 INFO     ___FILE_ONLY___ ═
2025-03-11 00:15:14,488 INFO     ___FILE_ONLY___ ═
2025-03-11 00:15:14,503 INFO     ___FILE_ONLY___ ═
2025-03-11 00:15:14,518 INFO     ___FILE_ONLY___ ═
2025-03-11 00:15:14,533 INFO     ___FILE_ONLY___ ═
2025-03-11 00:15:14,547 INFO     ___FILE_ONLY___ ═
2025-03-11 00:15:14,562 INFO     ___FILE_ONLY___ ═
2025-03-11 00:15:14,575 INFO     ___FILE_ONLY___ ═
2025-03-11 00:15:14,589 INFO     ___FILE_ONLY___ ═
2025-03-11 00:15:14,606 INFO     ___FILE_ONLY___ ═
2025-03-11 00:15:14,623 INFO     ___FILE_ONLY___ ═
2025-03-11 00:15:14,637 INFO     ___FILE_ONLY___ ═
2025-03-11 00:15:14,652 INFO     ___FILE_ONLY___ ═
2025-03-11 00:15:14,667 INFO     ___FILE_ONLY___ ═
2025-03-11 00:15:14,682 INFO     ___FILE_ONLY___ ═
2025-03-11 00:15:14,696 INFO     ___FILE_ONLY___ ═
2025-03-11 00:15:14,712 INFO     ___FILE_ONLY___ ═
2025-03-11 00:15:14,726 INFO     ___FILE_ONLY___ ═
2025-03-11 00:15:14,740 INFO     ___FILE_ONLY___ ═
2025-03-11 00:15:14,754 INFO     ___FILE_ONLY___ ═
2025-03-11 00:15:14,769 INFO     ___FILE_ONLY___ ═
2025-03-11 00:15:14,782 INFO     ___FILE_ONLY___ ═
2025-03-11 00:15:14,795 INFO     ___FILE_ONLY___ ═
2025-03-11 00:15:14,809 INFO     ___FILE_ONLY___ ═
2025-03-11 00:15:14,824 INFO     ___FILE_ONLY___ ═
2025-03-11 00:15:14,838 INFO     ___FILE_ONLY___ ═
2025-03-11 00:15:14,852 INFO     ___FILE_ONLY___ ═
2025-03-11 00:15:14,866 INFO     ___FILE_ONLY___ ═
2025-03-11 00:15:14,878 INFO     ___FILE_ONLY___ ═
2025-03-11 00:15:14,891 INFO     ___FILE_ONLY___ ═
2025-03-11 00:15:14,906 INFO     ___FILE_ONLY___ ═
2025-03-11 00:15:14,921 INFO     ___FILE_ONLY___ ═
2025-03-11 00:15:14,935 INFO     ___FILE_ONLY___ ═
2025-03-11 00:15:14,949 INFO     ___FILE_ONLY___ ═
2025-03-11 00:15:14,964 INFO     ___FILE_ONLY___ ═
2025-03-11 00:15:14,979 INFO     ___FILE_ONLY___ ═
2025-03-11 00:15:15,000 INFO     ___FILE_ONLY___ ═
2025-03-11 00:15:15,000 INFO     ___FILE_ONLY___ ╝
2025-03-11 00:15:15,058 INFO     ___FILE_ONLY___ ╠════════════════════════════════════════════════════════════╣

2025-03-11 00:15:15,059 INFO     ___FILE_ONLY___ ╠═ Installing: gcloud cli dependencies                      ═╣

2025-03-11 00:15:15,059 INFO     ___FILE_ONLY___ ╚
2025-03-11 00:15:15,715 INFO     ___FILE_ONLY___ ═
2025-03-11 00:15:15,732 INFO     ___FILE_ONLY___ ═
2025-03-11 00:15:15,754 INFO     ___FILE_ONLY___ ═
2025-03-11 00:15:15,776 INFO     ___FILE_ONLY___ ═
2025-03-11 00:15:15,799 INFO     ___FILE_ONLY___ ═
2025-03-11 00:15:15,824 INFO     ___FILE_ONLY___ ═
2025-03-11 00:15:15,861 INFO     ___FILE_ONLY___ ═
2025-03-11 00:15:15,901 INFO     ___FILE_ONLY___ ═
2025-03-11 00:15:15,933 INFO     ___FILE_ONLY___ ═
2025-03-11 00:15:15,956 INFO     ___FILE_ONLY___ ═
2025-03-11 00:15:15,981 INFO     ___FILE_ONLY___ ═
2025-03-11 00:15:16,005 INFO     ___FILE_ONLY___ ═
2025-03-11 00:15:16,026 INFO     ___FILE_ONLY___ ═
2025-03-11 00:15:16,054 INFO     ___FILE_ONLY___ ═
2025-03-11 00:15:16,082 INFO     ___FILE_ONLY___ ═
2025-03-11 00:15:16,112 INFO     ___FILE_ONLY___ ═
2025-03-11 00:15:16,140 INFO     ___FILE_ONLY___ ═
2025-03-11 00:15:16,154 INFO     ___FILE_ONLY___ ═
2025-03-11 00:15:16,163 INFO     ___FILE_ONLY___ ═
2025-03-11 00:15:16,169 INFO     ___FILE_ONLY___ ═
2025-03-11 00:15:16,176 INFO     ___FILE_ONLY___ ═
2025-03-11 00:15:16,184 INFO     ___FILE_ONLY___ ═
2025-03-11 00:15:16,191 INFO     ___FILE_ONLY___ ═
2025-03-11 00:15:16,201 INFO     ___FILE_ONLY___ ═
2025-03-11 00:15:16,222 INFO     ___FILE_ONLY___ ═
2025-03-11 00:15:16,231 INFO     ___FILE_ONLY___ ═
2025-03-11 00:15:16,237 INFO     ___FILE_ONLY___ ═
2025-03-11 00:15:16,243 INFO     ___FILE_ONLY___ ═
2025-03-11 00:15:16,250 INFO     ___FILE_ONLY___ ═
2025-03-11 00:15:16,260 INFO     ___FILE_ONLY___ ═
2025-03-11 00:15:16,271 INFO     ___FILE_ONLY___ ═
2025-03-11 00:15:16,282 INFO     ___FILE_ONLY___ ═
2025-03-11 00:15:16,295 INFO     ___FILE_ONLY___ ═
2025-03-11 00:15:16,311 INFO     ___FILE_ONLY___ ═
2025-03-11 00:15:16,323 INFO     ___FILE_ONLY___ ═
2025-03-11 00:15:16,332 INFO     ___FILE_ONLY___ ═
2025-03-11 00:15:16,342 INFO     ___FILE_ONLY___ ═
2025-03-11 00:15:16,356 INFO     ___FILE_ONLY___ ═
2025-03-11 00:15:16,367 INFO     ___FILE_ONLY___ ═
2025-03-11 00:15:16,382 INFO     ___FILE_ONLY___ ═
2025-03-11 00:15:16,390 INFO     ___FILE_ONLY___ ═
2025-03-11 00:15:16,402 INFO     ___FILE_ONLY___ ═
2025-03-11 00:15:16,410 INFO     ___FILE_ONLY___ ═
2025-03-11 00:15:16,421 INFO     ___FILE_ONLY___ ═
2025-03-11 00:15:16,426 INFO     ___FILE_ONLY___ ═
2025-03-11 00:15:16,431 INFO     ___FILE_ONLY___ ═
2025-03-11 00:15:16,436 INFO     ___FILE_ONLY___ ═
2025-03-11 00:15:16,440 INFO     ___FILE_ONLY___ ═
2025-03-11 00:15:16,445 INFO     ___FILE_ONLY___ ═
2025-03-11 00:15:16,450 INFO     ___FILE_ONLY___ ═
2025-03-11 00:15:16,456 INFO     ___FILE_ONLY___ ═
2025-03-11 00:15:16,468 INFO     ___FILE_ONLY___ ═
2025-03-11 00:15:16,477 INFO     ___FILE_ONLY___ ═
2025-03-11 00:15:16,487 INFO     ___FILE_ONLY___ ═
2025-03-11 00:15:16,498 INFO     ___FILE_ONLY___ ═
2025-03-11 00:15:16,509 INFO     ___FILE_ONLY___ ═
2025-03-11 00:15:16,521 INFO     ___FILE_ONLY___ ═
2025-03-11 00:15:16,529 INFO     ___FILE_ONLY___ ═
2025-03-11 00:15:16,538 INFO     ___FILE_ONLY___ ═
2025-03-11 00:15:16,548 INFO     ___FILE_ONLY___ ═
2025-03-11 00:15:16,548 INFO     ___FILE_ONLY___ ╝

2025-03-11 00:15:16,572 DEBUG    root            Updating notification cache...
2025-03-11 00:15:16,572 INFO     ___FILE_ONLY___ 

2025-03-11 00:15:16,573 INFO     ___FILE_ONLY___ Performing post processing steps...
2025-03-11 00:15:16,573 DEBUG    root            Executing command: ['/home/vvacla/google-cloud-sdk/bin/gcloud', 'components', 'post-process']
2025-03-11 00:15:24,645 DEBUG    ___FILE_ONLY___ 
2025-03-11 00:15:24,645 DEBUG    ___FILE_ONLY___ 
2025-03-11 00:15:24,850 INFO     root            descriptor_list: [{'universeDomain': 'googleapis.com', 'universeShortName': '', 'authenticationDomain': 'auth.cloud.google.com', 'projectPrefix': '', 'cloudWebDomain': 'cloud.google.com', 'documentationDomain': 'cloud.google.com', 'version': '1.0.0', 'state': 'primary', 'artifactRegistryDomain': 'pkg.dev'}]
2025-03-11 00:15:24,850 INFO     ___FILE_ONLY___ 
Update done!


2025-03-11 00:15:24,850 INFO     ___FILE_ONLY___ To revert your CLI to the previously installed version, you may run:
  $ gcloud components update --version 512.0.0


2025-03-11 00:15:24,853 DEBUG    root            Chosen display Format:none
2025-03-11 00:15:24,853 INFO     root            Display format: "none"
2025-03-11 00:15:24,855 DEBUG    root            Metrics reporting process started...
