2025-03-04 13:18:15,334 DEBUG    root            Metrics collector initialized...
2025-03-04 13:18:15,335 DEBUG    root            Loaded Command Group: ['gcloud', 'components']
2025-03-04 13:18:15,338 DEBUG    root            Loaded Command Group: ['gcloud', 'components', 'list']
2025-03-04 13:18:15,340 DEBUG    root            Running [gcloud.components.list] with arguments: [--quiet: "True"]
2025-03-04 13:18:15,357 DEBUG    urllib3.connectionpool Starting new HTTPS connection (1): dl.google.com:443
2025-03-04 13:18:15,543 DEBUG    urllib3.connectionpool https://dl.google.com:443 "GET /dl/cloudsdk/channels/rapid/components-2.json HTTP/11" 200 226132
2025-03-04 13:18:15,593 INFO     ___FILE_ONLY___ 
Your current Google Cloud CLI version is: 512.0.0

2025-03-04 13:18:15,593 INFO     ___FILE_ONLY___ The latest available version is: 512.0.0

2025-03-04 13:18:15,593 INFO     ___FILE_ONLY___ 

2025-03-04 13:18:15,593 DEBUG    root            Chosen display Format:table[box,title="Components"](state.name:label=Status,name:label=Name,id:label=ID,size.size(zero="",min=1048576):label=Size:align=right)
2025-03-04 13:18:15,594 INFO     root            Display format: "table[box,title="Components"](state.name:label=Status,name:label=Name,id:label=ID,size.size(zero="",min=1048576):label=Size:align=right)"
2025-03-04 13:18:15,622 INFO     ___FILE_ONLY___ ┌─────────────────────────────────────────────────────────────────────────────────────────────────────────────────┐
2025-03-04 13:18:15,622 INFO     ___FILE_ONLY___ 

2025-03-04 13:18:15,622 INFO     ___FILE_ONLY___ │                                                    Components                                                   │
2025-03-04 13:18:15,622 INFO     ___FILE_ONLY___ 

2025-03-04 13:18:15,623 INFO     ___FILE_ONLY___ ├───────────────┬──────────────────────────────────────────────────────┬──────────────────────────────┬───────────┤
2025-03-04 13:18:15,623 INFO     ___FILE_ONLY___ 

2025-03-04 13:18:15,623 INFO     ___FILE_ONLY___ │     Status    │                         Name                         │              ID              │    Size   │
2025-03-04 13:18:15,623 INFO     ___FILE_ONLY___ 

2025-03-04 13:18:15,623 INFO     ___FILE_ONLY___ ├───────────────┼──────────────────────────────────────────────────────┼──────────────────────────────┼───────────┤
2025-03-04 13:18:15,623 INFO     ___FILE_ONLY___ 

2025-03-04 13:18:15,623 INFO     ___FILE_ONLY___ │ 
2025-03-04 13:18:15,623 INFO     ___FILE_ONLY___ Not Installed
2025-03-04 13:18:15,623 INFO     ___FILE_ONLY___  
2025-03-04 13:18:15,623 INFO     ___FILE_ONLY___ │ 
2025-03-04 13:18:15,623 INFO     ___FILE_ONLY___ App Engine Go Extensions                            
2025-03-04 13:18:15,623 INFO     ___FILE_ONLY___  
2025-03-04 13:18:15,623 INFO     ___FILE_ONLY___ │ 
2025-03-04 13:18:15,623 INFO     ___FILE_ONLY___ app-engine-go               
2025-03-04 13:18:15,623 INFO     ___FILE_ONLY___  
2025-03-04 13:18:15,623 INFO     ___FILE_ONLY___ │ 
2025-03-04 13:18:15,623 INFO     ___FILE_ONLY___   4.7 MiB
2025-03-04 13:18:15,623 INFO     ___FILE_ONLY___  
2025-03-04 13:18:15,623 INFO     ___FILE_ONLY___ │
2025-03-04 13:18:15,623 INFO     ___FILE_ONLY___ 

2025-03-04 13:18:15,623 INFO     ___FILE_ONLY___ │ 
2025-03-04 13:18:15,623 INFO     ___FILE_ONLY___ Not Installed
2025-03-04 13:18:15,623 INFO     ___FILE_ONLY___  
2025-03-04 13:18:15,623 INFO     ___FILE_ONLY___ │ 
2025-03-04 13:18:15,623 INFO     ___FILE_ONLY___ Appctl                                              
2025-03-04 13:18:15,623 INFO     ___FILE_ONLY___  
2025-03-04 13:18:15,623 INFO     ___FILE_ONLY___ │ 
2025-03-04 13:18:15,623 INFO     ___FILE_ONLY___ appctl                      
2025-03-04 13:18:15,623 INFO     ___FILE_ONLY___  
2025-03-04 13:18:15,623 INFO     ___FILE_ONLY___ │ 
2025-03-04 13:18:15,623 INFO     ___FILE_ONLY___  21.0 MiB
2025-03-04 13:18:15,623 INFO     ___FILE_ONLY___  
2025-03-04 13:18:15,623 INFO     ___FILE_ONLY___ │
2025-03-04 13:18:15,623 INFO     ___FILE_ONLY___ 

2025-03-04 13:18:15,623 INFO     ___FILE_ONLY___ │ 
2025-03-04 13:18:15,623 INFO     ___FILE_ONLY___ Not Installed
2025-03-04 13:18:15,623 INFO     ___FILE_ONLY___  
2025-03-04 13:18:15,623 INFO     ___FILE_ONLY___ │ 
2025-03-04 13:18:15,623 INFO     ___FILE_ONLY___ Artifact Registry Go Module Package Helper          
2025-03-04 13:18:15,623 INFO     ___FILE_ONLY___  
2025-03-04 13:18:15,623 INFO     ___FILE_ONLY___ │ 
2025-03-04 13:18:15,623 INFO     ___FILE_ONLY___ package-go-module           
2025-03-04 13:18:15,623 INFO     ___FILE_ONLY___  
2025-03-04 13:18:15,623 INFO     ___FILE_ONLY___ │ 
2025-03-04 13:18:15,623 INFO     ___FILE_ONLY___   < 1 MiB
2025-03-04 13:18:15,623 INFO     ___FILE_ONLY___  
2025-03-04 13:18:15,623 INFO     ___FILE_ONLY___ │
2025-03-04 13:18:15,623 INFO     ___FILE_ONLY___ 

2025-03-04 13:18:15,623 INFO     ___FILE_ONLY___ │ 
2025-03-04 13:18:15,623 INFO     ___FILE_ONLY___ Not Installed
2025-03-04 13:18:15,623 INFO     ___FILE_ONLY___  
2025-03-04 13:18:15,623 INFO     ___FILE_ONLY___ │ 
2025-03-04 13:18:15,623 INFO     ___FILE_ONLY___ Cloud Bigtable Command Line Tool                    
2025-03-04 13:18:15,623 INFO     ___FILE_ONLY___  
2025-03-04 13:18:15,623 INFO     ___FILE_ONLY___ │ 
2025-03-04 13:18:15,624 INFO     ___FILE_ONLY___ cbt                         
2025-03-04 13:18:15,624 INFO     ___FILE_ONLY___  
2025-03-04 13:18:15,624 INFO     ___FILE_ONLY___ │ 
2025-03-04 13:18:15,624 INFO     ___FILE_ONLY___  19.1 MiB
2025-03-04 13:18:15,624 INFO     ___FILE_ONLY___  
2025-03-04 13:18:15,624 INFO     ___FILE_ONLY___ │
2025-03-04 13:18:15,624 INFO     ___FILE_ONLY___ 

2025-03-04 13:18:15,624 INFO     ___FILE_ONLY___ │ 
2025-03-04 13:18:15,624 INFO     ___FILE_ONLY___ Not Installed
2025-03-04 13:18:15,624 INFO     ___FILE_ONLY___  
2025-03-04 13:18:15,624 INFO     ___FILE_ONLY___ │ 
2025-03-04 13:18:15,624 INFO     ___FILE_ONLY___ Cloud Bigtable Emulator                             
2025-03-04 13:18:15,624 INFO     ___FILE_ONLY___  
2025-03-04 13:18:15,624 INFO     ___FILE_ONLY___ │ 
2025-03-04 13:18:15,624 INFO     ___FILE_ONLY___ bigtable                    
2025-03-04 13:18:15,624 INFO     ___FILE_ONLY___  
2025-03-04 13:18:15,624 INFO     ___FILE_ONLY___ │ 
2025-03-04 13:18:15,624 INFO     ___FILE_ONLY___   7.8 MiB
2025-03-04 13:18:15,624 INFO     ___FILE_ONLY___  
2025-03-04 13:18:15,624 INFO     ___FILE_ONLY___ │
2025-03-04 13:18:15,624 INFO     ___FILE_ONLY___ 

2025-03-04 13:18:15,624 INFO     ___FILE_ONLY___ │ 
2025-03-04 13:18:15,624 INFO     ___FILE_ONLY___ Not Installed
2025-03-04 13:18:15,624 INFO     ___FILE_ONLY___  
2025-03-04 13:18:15,624 INFO     ___FILE_ONLY___ │ 
2025-03-04 13:18:15,624 INFO     ___FILE_ONLY___ Cloud Datastore Emulator                            
2025-03-04 13:18:15,624 INFO     ___FILE_ONLY___  
2025-03-04 13:18:15,624 INFO     ___FILE_ONLY___ │ 
2025-03-04 13:18:15,624 INFO     ___FILE_ONLY___ cloud-datastore-emulator    
2025-03-04 13:18:15,624 INFO     ___FILE_ONLY___  
2025-03-04 13:18:15,624 INFO     ___FILE_ONLY___ │ 
2025-03-04 13:18:15,624 INFO     ___FILE_ONLY___  36.2 MiB
2025-03-04 13:18:15,624 INFO     ___FILE_ONLY___  
2025-03-04 13:18:15,624 INFO     ___FILE_ONLY___ │
2025-03-04 13:18:15,624 INFO     ___FILE_ONLY___ 

2025-03-04 13:18:15,624 INFO     ___FILE_ONLY___ │ 
2025-03-04 13:18:15,624 INFO     ___FILE_ONLY___ Not Installed
2025-03-04 13:18:15,624 INFO     ___FILE_ONLY___  
2025-03-04 13:18:15,624 INFO     ___FILE_ONLY___ │ 
2025-03-04 13:18:15,624 INFO     ___FILE_ONLY___ Cloud Firestore Emulator                            
2025-03-04 13:18:15,624 INFO     ___FILE_ONLY___  
2025-03-04 13:18:15,624 INFO     ___FILE_ONLY___ │ 
2025-03-04 13:18:15,624 INFO     ___FILE_ONLY___ cloud-firestore-emulator    
2025-03-04 13:18:15,624 INFO     ___FILE_ONLY___  
2025-03-04 13:18:15,624 INFO     ___FILE_ONLY___ │ 
2025-03-04 13:18:15,624 INFO     ___FILE_ONLY___  46.9 MiB
2025-03-04 13:18:15,624 INFO     ___FILE_ONLY___  
2025-03-04 13:18:15,624 INFO     ___FILE_ONLY___ │
2025-03-04 13:18:15,624 INFO     ___FILE_ONLY___ 

2025-03-04 13:18:15,624 INFO     ___FILE_ONLY___ │ 
2025-03-04 13:18:15,624 INFO     ___FILE_ONLY___ Not Installed
2025-03-04 13:18:15,624 INFO     ___FILE_ONLY___  
2025-03-04 13:18:15,624 INFO     ___FILE_ONLY___ │ 
2025-03-04 13:18:15,624 INFO     ___FILE_ONLY___ Cloud Pub/Sub Emulator                              
2025-03-04 13:18:15,624 INFO     ___FILE_ONLY___  
2025-03-04 13:18:15,624 INFO     ___FILE_ONLY___ │ 
2025-03-04 13:18:15,624 INFO     ___FILE_ONLY___ pubsub-emulator             
2025-03-04 13:18:15,624 INFO     ___FILE_ONLY___  
2025-03-04 13:18:15,624 INFO     ___FILE_ONLY___ │ 
2025-03-04 13:18:15,624 INFO     ___FILE_ONLY___  62.4 MiB
2025-03-04 13:18:15,624 INFO     ___FILE_ONLY___  
2025-03-04 13:18:15,624 INFO     ___FILE_ONLY___ │
2025-03-04 13:18:15,624 INFO     ___FILE_ONLY___ 

2025-03-04 13:18:15,625 INFO     ___FILE_ONLY___ │ 
2025-03-04 13:18:15,625 INFO     ___FILE_ONLY___ Not Installed
2025-03-04 13:18:15,625 INFO     ___FILE_ONLY___  
2025-03-04 13:18:15,625 INFO     ___FILE_ONLY___ │ 
2025-03-04 13:18:15,625 INFO     ___FILE_ONLY___ Cloud Run Proxy                                     
2025-03-04 13:18:15,625 INFO     ___FILE_ONLY___  
2025-03-04 13:18:15,625 INFO     ___FILE_ONLY___ │ 
2025-03-04 13:18:15,625 INFO     ___FILE_ONLY___ cloud-run-proxy             
2025-03-04 13:18:15,625 INFO     ___FILE_ONLY___  
2025-03-04 13:18:15,625 INFO     ___FILE_ONLY___ │ 
2025-03-04 13:18:15,625 INFO     ___FILE_ONLY___  13.3 MiB
2025-03-04 13:18:15,625 INFO     ___FILE_ONLY___  
2025-03-04 13:18:15,625 INFO     ___FILE_ONLY___ │
2025-03-04 13:18:15,625 INFO     ___FILE_ONLY___ 

2025-03-04 13:18:15,625 INFO     ___FILE_ONLY___ │ 
2025-03-04 13:18:15,625 INFO     ___FILE_ONLY___ Not Installed
2025-03-04 13:18:15,625 INFO     ___FILE_ONLY___  
2025-03-04 13:18:15,625 INFO     ___FILE_ONLY___ │ 
2025-03-04 13:18:15,625 INFO     ___FILE_ONLY___ Cloud SQL Proxy v2                                  
2025-03-04 13:18:15,625 INFO     ___FILE_ONLY___  
2025-03-04 13:18:15,625 INFO     ___FILE_ONLY___ │ 
2025-03-04 13:18:15,625 INFO     ___FILE_ONLY___ cloud-sql-proxy             
2025-03-04 13:18:15,625 INFO     ___FILE_ONLY___  
2025-03-04 13:18:15,625 INFO     ___FILE_ONLY___ │ 
2025-03-04 13:18:15,625 INFO     ___FILE_ONLY___  13.8 MiB
2025-03-04 13:18:15,625 INFO     ___FILE_ONLY___  
2025-03-04 13:18:15,625 INFO     ___FILE_ONLY___ │
2025-03-04 13:18:15,625 INFO     ___FILE_ONLY___ 

2025-03-04 13:18:15,625 INFO     ___FILE_ONLY___ │ 
2025-03-04 13:18:15,625 INFO     ___FILE_ONLY___ Not Installed
2025-03-04 13:18:15,625 INFO     ___FILE_ONLY___  
2025-03-04 13:18:15,625 INFO     ___FILE_ONLY___ │ 
2025-03-04 13:18:15,625 INFO     ___FILE_ONLY___ Cloud Spanner Emulator                              
2025-03-04 13:18:15,625 INFO     ___FILE_ONLY___  
2025-03-04 13:18:15,625 INFO     ___FILE_ONLY___ │ 
2025-03-04 13:18:15,625 INFO     ___FILE_ONLY___ cloud-spanner-emulator      
2025-03-04 13:18:15,625 INFO     ___FILE_ONLY___  
2025-03-04 13:18:15,625 INFO     ___FILE_ONLY___ │ 
2025-03-04 13:18:15,625 INFO     ___FILE_ONLY___  37.7 MiB
2025-03-04 13:18:15,625 INFO     ___FILE_ONLY___  
2025-03-04 13:18:15,625 INFO     ___FILE_ONLY___ │
2025-03-04 13:18:15,625 INFO     ___FILE_ONLY___ 

2025-03-04 13:18:15,625 INFO     ___FILE_ONLY___ │ 
2025-03-04 13:18:15,625 INFO     ___FILE_ONLY___ Not Installed
2025-03-04 13:18:15,625 INFO     ___FILE_ONLY___  
2025-03-04 13:18:15,625 INFO     ___FILE_ONLY___ │ 
2025-03-04 13:18:15,625 INFO     ___FILE_ONLY___ Google Container Registry's Docker credential helper
2025-03-04 13:18:15,625 INFO     ___FILE_ONLY___  
2025-03-04 13:18:15,625 INFO     ___FILE_ONLY___ │ 
2025-03-04 13:18:15,625 INFO     ___FILE_ONLY___ docker-credential-gcr       
2025-03-04 13:18:15,625 INFO     ___FILE_ONLY___  
2025-03-04 13:18:15,625 INFO     ___FILE_ONLY___ │ 
2025-03-04 13:18:15,625 INFO     ___FILE_ONLY___   1.8 MiB
2025-03-04 13:18:15,625 INFO     ___FILE_ONLY___  
2025-03-04 13:18:15,625 INFO     ___FILE_ONLY___ │
2025-03-04 13:18:15,625 INFO     ___FILE_ONLY___ 

2025-03-04 13:18:15,625 INFO     ___FILE_ONLY___ │ 
2025-03-04 13:18:15,625 INFO     ___FILE_ONLY___ Not Installed
2025-03-04 13:18:15,625 INFO     ___FILE_ONLY___  
2025-03-04 13:18:15,625 INFO     ___FILE_ONLY___ │ 
2025-03-04 13:18:15,625 INFO     ___FILE_ONLY___ Kustomize                                           
2025-03-04 13:18:15,625 INFO     ___FILE_ONLY___  
2025-03-04 13:18:15,625 INFO     ___FILE_ONLY___ │ 
2025-03-04 13:18:15,625 INFO     ___FILE_ONLY___ kustomize                   
2025-03-04 13:18:15,625 INFO     ___FILE_ONLY___  
2025-03-04 13:18:15,626 INFO     ___FILE_ONLY___ │ 
2025-03-04 13:18:15,626 INFO     ___FILE_ONLY___   4.3 MiB
2025-03-04 13:18:15,626 INFO     ___FILE_ONLY___  
2025-03-04 13:18:15,626 INFO     ___FILE_ONLY___ │
2025-03-04 13:18:15,626 INFO     ___FILE_ONLY___ 

2025-03-04 13:18:15,626 INFO     ___FILE_ONLY___ │ 
2025-03-04 13:18:15,626 INFO     ___FILE_ONLY___ Not Installed
2025-03-04 13:18:15,626 INFO     ___FILE_ONLY___  
2025-03-04 13:18:15,626 INFO     ___FILE_ONLY___ │ 
2025-03-04 13:18:15,626 INFO     ___FILE_ONLY___ Log Streaming                                       
2025-03-04 13:18:15,626 INFO     ___FILE_ONLY___  
2025-03-04 13:18:15,626 INFO     ___FILE_ONLY___ │ 
2025-03-04 13:18:15,626 INFO     ___FILE_ONLY___ log-streaming               
2025-03-04 13:18:15,626 INFO     ___FILE_ONLY___  
2025-03-04 13:18:15,626 INFO     ___FILE_ONLY___ │ 
2025-03-04 13:18:15,626 INFO     ___FILE_ONLY___  18.2 MiB
2025-03-04 13:18:15,626 INFO     ___FILE_ONLY___  
2025-03-04 13:18:15,626 INFO     ___FILE_ONLY___ │
2025-03-04 13:18:15,626 INFO     ___FILE_ONLY___ 

2025-03-04 13:18:15,626 INFO     ___FILE_ONLY___ │ 
2025-03-04 13:18:15,626 INFO     ___FILE_ONLY___ Not Installed
2025-03-04 13:18:15,626 INFO     ___FILE_ONLY___  
2025-03-04 13:18:15,626 INFO     ___FILE_ONLY___ │ 
2025-03-04 13:18:15,626 INFO     ___FILE_ONLY___ Managed Flink Client                                
2025-03-04 13:18:15,626 INFO     ___FILE_ONLY___  
2025-03-04 13:18:15,626 INFO     ___FILE_ONLY___ │ 
2025-03-04 13:18:15,626 INFO     ___FILE_ONLY___ managed-flink-client        
2025-03-04 13:18:15,626 INFO     ___FILE_ONLY___  
2025-03-04 13:18:15,626 INFO     ___FILE_ONLY___ │ 
2025-03-04 13:18:15,626 INFO     ___FILE_ONLY___ 383.4 MiB
2025-03-04 13:18:15,626 INFO     ___FILE_ONLY___  
2025-03-04 13:18:15,626 INFO     ___FILE_ONLY___ │
2025-03-04 13:18:15,626 INFO     ___FILE_ONLY___ 

2025-03-04 13:18:15,626 INFO     ___FILE_ONLY___ │ 
2025-03-04 13:18:15,626 INFO     ___FILE_ONLY___ Not Installed
2025-03-04 13:18:15,626 INFO     ___FILE_ONLY___  
2025-03-04 13:18:15,626 INFO     ___FILE_ONLY___ │ 
2025-03-04 13:18:15,626 INFO     ___FILE_ONLY___ Minikube                                            
2025-03-04 13:18:15,626 INFO     ___FILE_ONLY___  
2025-03-04 13:18:15,626 INFO     ___FILE_ONLY___ │ 
2025-03-04 13:18:15,626 INFO     ___FILE_ONLY___ minikube                    
2025-03-04 13:18:15,626 INFO     ___FILE_ONLY___  
2025-03-04 13:18:15,626 INFO     ___FILE_ONLY___ │ 
2025-03-04 13:18:15,626 INFO     ___FILE_ONLY___  45.2 MiB
2025-03-04 13:18:15,626 INFO     ___FILE_ONLY___  
2025-03-04 13:18:15,626 INFO     ___FILE_ONLY___ │
2025-03-04 13:18:15,626 INFO     ___FILE_ONLY___ 

2025-03-04 13:18:15,626 INFO     ___FILE_ONLY___ │ 
2025-03-04 13:18:15,626 INFO     ___FILE_ONLY___ Not Installed
2025-03-04 13:18:15,626 INFO     ___FILE_ONLY___  
2025-03-04 13:18:15,626 INFO     ___FILE_ONLY___ │ 
2025-03-04 13:18:15,626 INFO     ___FILE_ONLY___ Nomos CLI                                           
2025-03-04 13:18:15,626 INFO     ___FILE_ONLY___  
2025-03-04 13:18:15,626 INFO     ___FILE_ONLY___ │ 
2025-03-04 13:18:15,626 INFO     ___FILE_ONLY___ nomos                       
2025-03-04 13:18:15,626 INFO     ___FILE_ONLY___  
2025-03-04 13:18:15,626 INFO     ___FILE_ONLY___ │ 
2025-03-04 13:18:15,626 INFO     ___FILE_ONLY___  31.2 MiB
2025-03-04 13:18:15,626 INFO     ___FILE_ONLY___  
2025-03-04 13:18:15,626 INFO     ___FILE_ONLY___ │
2025-03-04 13:18:15,627 INFO     ___FILE_ONLY___ 

2025-03-04 13:18:15,627 INFO     ___FILE_ONLY___ │ 
2025-03-04 13:18:15,627 INFO     ___FILE_ONLY___ Not Installed
2025-03-04 13:18:15,627 INFO     ___FILE_ONLY___  
2025-03-04 13:18:15,627 INFO     ___FILE_ONLY___ │ 
2025-03-04 13:18:15,627 INFO     ___FILE_ONLY___ On-Demand Scanning API extraction helper            
2025-03-04 13:18:15,627 INFO     ___FILE_ONLY___  
2025-03-04 13:18:15,627 INFO     ___FILE_ONLY___ │ 
2025-03-04 13:18:15,627 INFO     ___FILE_ONLY___ local-extract               
2025-03-04 13:18:15,627 INFO     ___FILE_ONLY___  
2025-03-04 13:18:15,627 INFO     ___FILE_ONLY___ │ 
2025-03-04 13:18:15,627 INFO     ___FILE_ONLY___  31.6 MiB
2025-03-04 13:18:15,627 INFO     ___FILE_ONLY___  
2025-03-04 13:18:15,627 INFO     ___FILE_ONLY___ │
2025-03-04 13:18:15,627 INFO     ___FILE_ONLY___ 

2025-03-04 13:18:15,627 INFO     ___FILE_ONLY___ │ 
2025-03-04 13:18:15,627 INFO     ___FILE_ONLY___ Not Installed
2025-03-04 13:18:15,627 INFO     ___FILE_ONLY___  
2025-03-04 13:18:15,627 INFO     ___FILE_ONLY___ │ 
2025-03-04 13:18:15,627 INFO     ___FILE_ONLY___ Skaffold                                            
2025-03-04 13:18:15,627 INFO     ___FILE_ONLY___  
2025-03-04 13:18:15,627 INFO     ___FILE_ONLY___ │ 
2025-03-04 13:18:15,627 INFO     ___FILE_ONLY___ skaffold                    
2025-03-04 13:18:15,627 INFO     ___FILE_ONLY___  
2025-03-04 13:18:15,627 INFO     ___FILE_ONLY___ │ 
2025-03-04 13:18:15,627 INFO     ___FILE_ONLY___  32.6 MiB
2025-03-04 13:18:15,627 INFO     ___FILE_ONLY___  
2025-03-04 13:18:15,627 INFO     ___FILE_ONLY___ │
2025-03-04 13:18:15,627 INFO     ___FILE_ONLY___ 

2025-03-04 13:18:15,627 INFO     ___FILE_ONLY___ │ 
2025-03-04 13:18:15,627 INFO     ___FILE_ONLY___ Not Installed
2025-03-04 13:18:15,627 INFO     ___FILE_ONLY___  
2025-03-04 13:18:15,627 INFO     ___FILE_ONLY___ │ 
2025-03-04 13:18:15,627 INFO     ___FILE_ONLY___ Spanner migration tool                              
2025-03-04 13:18:15,627 INFO     ___FILE_ONLY___  
2025-03-04 13:18:15,627 INFO     ___FILE_ONLY___ │ 
2025-03-04 13:18:15,627 INFO     ___FILE_ONLY___ spanner-migration-tool      
2025-03-04 13:18:15,627 INFO     ___FILE_ONLY___  
2025-03-04 13:18:15,627 INFO     ___FILE_ONLY___ │ 
2025-03-04 13:18:15,627 INFO     ___FILE_ONLY___  24.2 MiB
2025-03-04 13:18:15,627 INFO     ___FILE_ONLY___  
2025-03-04 13:18:15,627 INFO     ___FILE_ONLY___ │
2025-03-04 13:18:15,627 INFO     ___FILE_ONLY___ 

2025-03-04 13:18:15,627 INFO     ___FILE_ONLY___ │ 
2025-03-04 13:18:15,627 INFO     ___FILE_ONLY___ Not Installed
2025-03-04 13:18:15,627 INFO     ___FILE_ONLY___  
2025-03-04 13:18:15,627 INFO     ___FILE_ONLY___ │ 
2025-03-04 13:18:15,628 INFO     ___FILE_ONLY___ Terraform Tools                                     
2025-03-04 13:18:15,628 INFO     ___FILE_ONLY___  
2025-03-04 13:18:15,628 INFO     ___FILE_ONLY___ │ 
2025-03-04 13:18:15,628 INFO     ___FILE_ONLY___ terraform-tools             
2025-03-04 13:18:15,628 INFO     ___FILE_ONLY___  
2025-03-04 13:18:15,628 INFO     ___FILE_ONLY___ │ 
2025-03-04 13:18:15,628 INFO     ___FILE_ONLY___  66.1 MiB
2025-03-04 13:18:15,628 INFO     ___FILE_ONLY___  
2025-03-04 13:18:15,628 INFO     ___FILE_ONLY___ │
2025-03-04 13:18:15,628 INFO     ___FILE_ONLY___ 

2025-03-04 13:18:15,628 INFO     ___FILE_ONLY___ │ 
2025-03-04 13:18:15,628 INFO     ___FILE_ONLY___ Not Installed
2025-03-04 13:18:15,628 INFO     ___FILE_ONLY___  
2025-03-04 13:18:15,628 INFO     ___FILE_ONLY___ │ 
2025-03-04 13:18:15,628 INFO     ___FILE_ONLY___ anthos-auth                                         
2025-03-04 13:18:15,628 INFO     ___FILE_ONLY___  
2025-03-04 13:18:15,628 INFO     ___FILE_ONLY___ │ 
2025-03-04 13:18:15,628 INFO     ___FILE_ONLY___ anthos-auth                 
2025-03-04 13:18:15,628 INFO     ___FILE_ONLY___  
2025-03-04 13:18:15,628 INFO     ___FILE_ONLY___ │ 
2025-03-04 13:18:15,628 INFO     ___FILE_ONLY___  22.0 MiB
2025-03-04 13:18:15,628 INFO     ___FILE_ONLY___  
2025-03-04 13:18:15,628 INFO     ___FILE_ONLY___ │
2025-03-04 13:18:15,628 INFO     ___FILE_ONLY___ 

2025-03-04 13:18:15,628 INFO     ___FILE_ONLY___ │ 
2025-03-04 13:18:15,628 INFO     ___FILE_ONLY___ Not Installed
2025-03-04 13:18:15,628 INFO     ___FILE_ONLY___  
2025-03-04 13:18:15,628 INFO     ___FILE_ONLY___ │ 
2025-03-04 13:18:15,628 INFO     ___FILE_ONLY___ config-connector                                    
2025-03-04 13:18:15,628 INFO     ___FILE_ONLY___  
2025-03-04 13:18:15,628 INFO     ___FILE_ONLY___ │ 
2025-03-04 13:18:15,628 INFO     ___FILE_ONLY___ config-connector            
2025-03-04 13:18:15,628 INFO     ___FILE_ONLY___  
2025-03-04 13:18:15,628 INFO     ___FILE_ONLY___ │ 
2025-03-04 13:18:15,628 INFO     ___FILE_ONLY___  91.1 MiB
2025-03-04 13:18:15,628 INFO     ___FILE_ONLY___  
2025-03-04 13:18:15,628 INFO     ___FILE_ONLY___ │
2025-03-04 13:18:15,628 INFO     ___FILE_ONLY___ 

2025-03-04 13:18:15,628 INFO     ___FILE_ONLY___ │ 
2025-03-04 13:18:15,628 INFO     ___FILE_ONLY___ Not Installed
2025-03-04 13:18:15,628 INFO     ___FILE_ONLY___  
2025-03-04 13:18:15,628 INFO     ___FILE_ONLY___ │ 
2025-03-04 13:18:15,628 INFO     ___FILE_ONLY___ enterprise-certificate-proxy                        
2025-03-04 13:18:15,628 INFO     ___FILE_ONLY___  
2025-03-04 13:18:15,628 INFO     ___FILE_ONLY___ │ 
2025-03-04 13:18:15,628 INFO     ___FILE_ONLY___ enterprise-certificate-proxy
2025-03-04 13:18:15,628 INFO     ___FILE_ONLY___  
2025-03-04 13:18:15,628 INFO     ___FILE_ONLY___ │ 
2025-03-04 13:18:15,628 INFO     ___FILE_ONLY___   8.6 MiB
2025-03-04 13:18:15,628 INFO     ___FILE_ONLY___  
2025-03-04 13:18:15,628 INFO     ___FILE_ONLY___ │
2025-03-04 13:18:15,628 INFO     ___FILE_ONLY___ 

2025-03-04 13:18:15,628 INFO     ___FILE_ONLY___ │ 
2025-03-04 13:18:15,628 INFO     ___FILE_ONLY___ Not Installed
2025-03-04 13:18:15,628 INFO     ___FILE_ONLY___  
2025-03-04 13:18:15,628 INFO     ___FILE_ONLY___ │ 
2025-03-04 13:18:15,628 INFO     ___FILE_ONLY___ gcloud Alpha Commands                               
2025-03-04 13:18:15,628 INFO     ___FILE_ONLY___  
2025-03-04 13:18:15,629 INFO     ___FILE_ONLY___ │ 
2025-03-04 13:18:15,629 INFO     ___FILE_ONLY___ alpha                       
2025-03-04 13:18:15,629 INFO     ___FILE_ONLY___  
2025-03-04 13:18:15,629 INFO     ___FILE_ONLY___ │ 
2025-03-04 13:18:15,629 INFO     ___FILE_ONLY___   < 1 MiB
2025-03-04 13:18:15,629 INFO     ___FILE_ONLY___  
2025-03-04 13:18:15,629 INFO     ___FILE_ONLY___ │
2025-03-04 13:18:15,629 INFO     ___FILE_ONLY___ 

2025-03-04 13:18:15,629 INFO     ___FILE_ONLY___ │ 
2025-03-04 13:18:15,629 INFO     ___FILE_ONLY___ Not Installed
2025-03-04 13:18:15,629 INFO     ___FILE_ONLY___  
2025-03-04 13:18:15,629 INFO     ___FILE_ONLY___ │ 
2025-03-04 13:18:15,629 INFO     ___FILE_ONLY___ gcloud Beta Commands                                
2025-03-04 13:18:15,629 INFO     ___FILE_ONLY___  
2025-03-04 13:18:15,629 INFO     ___FILE_ONLY___ │ 
2025-03-04 13:18:15,629 INFO     ___FILE_ONLY___ beta                        
2025-03-04 13:18:15,629 INFO     ___FILE_ONLY___  
2025-03-04 13:18:15,629 INFO     ___FILE_ONLY___ │ 
2025-03-04 13:18:15,629 INFO     ___FILE_ONLY___   < 1 MiB
2025-03-04 13:18:15,629 INFO     ___FILE_ONLY___  
2025-03-04 13:18:15,629 INFO     ___FILE_ONLY___ │
2025-03-04 13:18:15,629 INFO     ___FILE_ONLY___ 

2025-03-04 13:18:15,629 INFO     ___FILE_ONLY___ │ 
2025-03-04 13:18:15,629 INFO     ___FILE_ONLY___ Not Installed
2025-03-04 13:18:15,629 INFO     ___FILE_ONLY___  
2025-03-04 13:18:15,629 INFO     ___FILE_ONLY___ │ 
2025-03-04 13:18:15,629 INFO     ___FILE_ONLY___ gcloud app Java Extensions                          
2025-03-04 13:18:15,629 INFO     ___FILE_ONLY___  
2025-03-04 13:18:15,629 INFO     ___FILE_ONLY___ │ 
2025-03-04 13:18:15,629 INFO     ___FILE_ONLY___ app-engine-java             
2025-03-04 13:18:15,629 INFO     ___FILE_ONLY___  
2025-03-04 13:18:15,629 INFO     ___FILE_ONLY___ │ 
2025-03-04 13:18:15,629 INFO     ___FILE_ONLY___ 128.4 MiB
2025-03-04 13:18:15,629 INFO     ___FILE_ONLY___  
2025-03-04 13:18:15,629 INFO     ___FILE_ONLY___ │
2025-03-04 13:18:15,629 INFO     ___FILE_ONLY___ 

2025-03-04 13:18:15,629 INFO     ___FILE_ONLY___ │ 
2025-03-04 13:18:15,629 INFO     ___FILE_ONLY___ Not Installed
2025-03-04 13:18:15,629 INFO     ___FILE_ONLY___  
2025-03-04 13:18:15,629 INFO     ___FILE_ONLY___ │ 
2025-03-04 13:18:15,629 INFO     ___FILE_ONLY___ gcloud app Python Extensions                        
2025-03-04 13:18:15,629 INFO     ___FILE_ONLY___  
2025-03-04 13:18:15,629 INFO     ___FILE_ONLY___ │ 
2025-03-04 13:18:15,629 INFO     ___FILE_ONLY___ app-engine-python           
2025-03-04 13:18:15,629 INFO     ___FILE_ONLY___  
2025-03-04 13:18:15,629 INFO     ___FILE_ONLY___ │ 
2025-03-04 13:18:15,629 INFO     ___FILE_ONLY___   3.8 MiB
2025-03-04 13:18:15,629 INFO     ___FILE_ONLY___  
2025-03-04 13:18:15,629 INFO     ___FILE_ONLY___ │
2025-03-04 13:18:15,629 INFO     ___FILE_ONLY___ 

2025-03-04 13:18:15,629 INFO     ___FILE_ONLY___ │ 
2025-03-04 13:18:15,629 INFO     ___FILE_ONLY___ Not Installed
2025-03-04 13:18:15,629 INFO     ___FILE_ONLY___  
2025-03-04 13:18:15,629 INFO     ___FILE_ONLY___ │ 
2025-03-04 13:18:15,629 INFO     ___FILE_ONLY___ gcloud app Python Extensions (Extra Libraries)      
2025-03-04 13:18:15,629 INFO     ___FILE_ONLY___  
2025-03-04 13:18:15,629 INFO     ___FILE_ONLY___ │ 
2025-03-04 13:18:15,629 INFO     ___FILE_ONLY___ app-engine-python-extras    
2025-03-04 13:18:15,630 INFO     ___FILE_ONLY___  
2025-03-04 13:18:15,630 INFO     ___FILE_ONLY___ │ 
2025-03-04 13:18:15,630 INFO     ___FILE_ONLY___   < 1 MiB
2025-03-04 13:18:15,630 INFO     ___FILE_ONLY___  
2025-03-04 13:18:15,630 INFO     ___FILE_ONLY___ │
2025-03-04 13:18:15,630 INFO     ___FILE_ONLY___ 

2025-03-04 13:18:15,630 INFO     ___FILE_ONLY___ │ 
2025-03-04 13:18:15,630 INFO     ___FILE_ONLY___ Not Installed
2025-03-04 13:18:15,630 INFO     ___FILE_ONLY___  
2025-03-04 13:18:15,630 INFO     ___FILE_ONLY___ │ 
2025-03-04 13:18:15,630 INFO     ___FILE_ONLY___ gke-gcloud-auth-plugin                              
2025-03-04 13:18:15,630 INFO     ___FILE_ONLY___  
2025-03-04 13:18:15,630 INFO     ___FILE_ONLY___ │ 
2025-03-04 13:18:15,630 INFO     ___FILE_ONLY___ gke-gcloud-auth-plugin      
2025-03-04 13:18:15,630 INFO     ___FILE_ONLY___  
2025-03-04 13:18:15,630 INFO     ___FILE_ONLY___ │ 
2025-03-04 13:18:15,630 INFO     ___FILE_ONLY___   3.5 MiB
2025-03-04 13:18:15,630 INFO     ___FILE_ONLY___  
2025-03-04 13:18:15,630 INFO     ___FILE_ONLY___ │
2025-03-04 13:18:15,630 INFO     ___FILE_ONLY___ 

2025-03-04 13:18:15,630 INFO     ___FILE_ONLY___ │ 
2025-03-04 13:18:15,630 INFO     ___FILE_ONLY___ Not Installed
2025-03-04 13:18:15,630 INFO     ___FILE_ONLY___  
2025-03-04 13:18:15,630 INFO     ___FILE_ONLY___ │ 
2025-03-04 13:18:15,630 INFO     ___FILE_ONLY___ istioctl                                            
2025-03-04 13:18:15,630 INFO     ___FILE_ONLY___  
2025-03-04 13:18:15,630 INFO     ___FILE_ONLY___ │ 
2025-03-04 13:18:15,630 INFO     ___FILE_ONLY___ istioctl                    
2025-03-04 13:18:15,630 INFO     ___FILE_ONLY___  
2025-03-04 13:18:15,630 INFO     ___FILE_ONLY___ │ 
2025-03-04 13:18:15,630 INFO     ___FILE_ONLY___  27.8 MiB
2025-03-04 13:18:15,630 INFO     ___FILE_ONLY___  
2025-03-04 13:18:15,630 INFO     ___FILE_ONLY___ │
2025-03-04 13:18:15,630 INFO     ___FILE_ONLY___ 

2025-03-04 13:18:15,630 INFO     ___FILE_ONLY___ │ 
2025-03-04 13:18:15,630 INFO     ___FILE_ONLY___ Not Installed
2025-03-04 13:18:15,630 INFO     ___FILE_ONLY___  
2025-03-04 13:18:15,630 INFO     ___FILE_ONLY___ │ 
2025-03-04 13:18:15,630 INFO     ___FILE_ONLY___ kpt                                                 
2025-03-04 13:18:15,630 INFO     ___FILE_ONLY___  
2025-03-04 13:18:15,630 INFO     ___FILE_ONLY___ │ 
2025-03-04 13:18:15,630 INFO     ___FILE_ONLY___ kpt                         
2025-03-04 13:18:15,630 INFO     ___FILE_ONLY___  
2025-03-04 13:18:15,630 INFO     ___FILE_ONLY___ │ 
2025-03-04 13:18:15,630 INFO     ___FILE_ONLY___  15.1 MiB
2025-03-04 13:18:15,630 INFO     ___FILE_ONLY___  
2025-03-04 13:18:15,630 INFO     ___FILE_ONLY___ │
2025-03-04 13:18:15,630 INFO     ___FILE_ONLY___ 

2025-03-04 13:18:15,630 INFO     ___FILE_ONLY___ │ 
2025-03-04 13:18:15,630 INFO     ___FILE_ONLY___ Not Installed
2025-03-04 13:18:15,630 INFO     ___FILE_ONLY___  
2025-03-04 13:18:15,630 INFO     ___FILE_ONLY___ │ 
2025-03-04 13:18:15,630 INFO     ___FILE_ONLY___ kubectl                                             
2025-03-04 13:18:15,630 INFO     ___FILE_ONLY___  
2025-03-04 13:18:15,630 INFO     ___FILE_ONLY___ │ 
2025-03-04 13:18:15,630 INFO     ___FILE_ONLY___ kubectl                     
2025-03-04 13:18:15,630 INFO     ___FILE_ONLY___  
2025-03-04 13:18:15,630 INFO     ___FILE_ONLY___ │ 
2025-03-04 13:18:15,630 INFO     ___FILE_ONLY___   < 1 MiB
2025-03-04 13:18:15,631 INFO     ___FILE_ONLY___  
2025-03-04 13:18:15,631 INFO     ___FILE_ONLY___ │
2025-03-04 13:18:15,631 INFO     ___FILE_ONLY___ 

2025-03-04 13:18:15,631 INFO     ___FILE_ONLY___ │ 
2025-03-04 13:18:15,631 INFO     ___FILE_ONLY___ Not Installed
2025-03-04 13:18:15,631 INFO     ___FILE_ONLY___  
2025-03-04 13:18:15,631 INFO     ___FILE_ONLY___ │ 
2025-03-04 13:18:15,631 INFO     ___FILE_ONLY___ kubectl-oidc                                        
2025-03-04 13:18:15,631 INFO     ___FILE_ONLY___  
2025-03-04 13:18:15,631 INFO     ___FILE_ONLY___ │ 
2025-03-04 13:18:15,631 INFO     ___FILE_ONLY___ kubectl-oidc                
2025-03-04 13:18:15,631 INFO     ___FILE_ONLY___  
2025-03-04 13:18:15,631 INFO     ___FILE_ONLY___ │ 
2025-03-04 13:18:15,631 INFO     ___FILE_ONLY___  22.0 MiB
2025-03-04 13:18:15,631 INFO     ___FILE_ONLY___  
2025-03-04 13:18:15,631 INFO     ___FILE_ONLY___ │
2025-03-04 13:18:15,631 INFO     ___FILE_ONLY___ 

2025-03-04 13:18:15,631 INFO     ___FILE_ONLY___ │ 
2025-03-04 13:18:15,631 INFO     ___FILE_ONLY___ Not Installed
2025-03-04 13:18:15,631 INFO     ___FILE_ONLY___  
2025-03-04 13:18:15,631 INFO     ___FILE_ONLY___ │ 
2025-03-04 13:18:15,631 INFO     ___FILE_ONLY___ pkg                                                 
2025-03-04 13:18:15,631 INFO     ___FILE_ONLY___  
2025-03-04 13:18:15,631 INFO     ___FILE_ONLY___ │ 
2025-03-04 13:18:15,631 INFO     ___FILE_ONLY___ pkg                         
2025-03-04 13:18:15,631 INFO     ___FILE_ONLY___  
2025-03-04 13:18:15,631 INFO     ___FILE_ONLY___ │ 
2025-03-04 13:18:15,631 INFO     ___FILE_ONLY___          
2025-03-04 13:18:15,631 INFO     ___FILE_ONLY___  
2025-03-04 13:18:15,631 INFO     ___FILE_ONLY___ │
2025-03-04 13:18:15,631 INFO     ___FILE_ONLY___ 

2025-03-04 13:18:15,631 INFO     ___FILE_ONLY___ │ 
2025-03-04 13:18:15,631 INFO     ___FILE_ONLY___ Installed    
2025-03-04 13:18:15,631 INFO     ___FILE_ONLY___  
2025-03-04 13:18:15,631 INFO     ___FILE_ONLY___ │ 
2025-03-04 13:18:15,631 INFO     ___FILE_ONLY___ BigQuery Command Line Tool                          
2025-03-04 13:18:15,631 INFO     ___FILE_ONLY___  
2025-03-04 13:18:15,631 INFO     ___FILE_ONLY___ │ 
2025-03-04 13:18:15,631 INFO     ___FILE_ONLY___ bq                          
2025-03-04 13:18:15,631 INFO     ___FILE_ONLY___  
2025-03-04 13:18:15,631 INFO     ___FILE_ONLY___ │ 
2025-03-04 13:18:15,631 INFO     ___FILE_ONLY___   1.8 MiB
2025-03-04 13:18:15,631 INFO     ___FILE_ONLY___  
2025-03-04 13:18:15,631 INFO     ___FILE_ONLY___ │
2025-03-04 13:18:15,631 INFO     ___FILE_ONLY___ 

2025-03-04 13:18:15,631 INFO     ___FILE_ONLY___ │ 
2025-03-04 13:18:15,631 INFO     ___FILE_ONLY___ Installed    
2025-03-04 13:18:15,631 INFO     ___FILE_ONLY___  
2025-03-04 13:18:15,631 INFO     ___FILE_ONLY___ │ 
2025-03-04 13:18:15,631 INFO     ___FILE_ONLY___ Bundled Python 3.12                                 
2025-03-04 13:18:15,631 INFO     ___FILE_ONLY___  
2025-03-04 13:18:15,631 INFO     ___FILE_ONLY___ │ 
2025-03-04 13:18:15,631 INFO     ___FILE_ONLY___ bundled-python3-unix        
2025-03-04 13:18:15,631 INFO     ___FILE_ONLY___  
2025-03-04 13:18:15,631 INFO     ___FILE_ONLY___ │ 
2025-03-04 13:18:15,631 INFO     ___FILE_ONLY___  89.2 MiB
2025-03-04 13:18:15,631 INFO     ___FILE_ONLY___  
2025-03-04 13:18:15,631 INFO     ___FILE_ONLY___ │
2025-03-04 13:18:15,631 INFO     ___FILE_ONLY___ 

2025-03-04 13:18:15,631 INFO     ___FILE_ONLY___ │ 
2025-03-04 13:18:15,631 INFO     ___FILE_ONLY___ Installed    
2025-03-04 13:18:15,632 INFO     ___FILE_ONLY___  
2025-03-04 13:18:15,632 INFO     ___FILE_ONLY___ │ 
2025-03-04 13:18:15,632 INFO     ___FILE_ONLY___ Cloud Storage Command Line Tool                     
2025-03-04 13:18:15,632 INFO     ___FILE_ONLY___  
2025-03-04 13:18:15,632 INFO     ___FILE_ONLY___ │ 
2025-03-04 13:18:15,632 INFO     ___FILE_ONLY___ gsutil                      
2025-03-04 13:18:15,632 INFO     ___FILE_ONLY___  
2025-03-04 13:18:15,632 INFO     ___FILE_ONLY___ │ 
2025-03-04 13:18:15,632 INFO     ___FILE_ONLY___  11.8 MiB
2025-03-04 13:18:15,632 INFO     ___FILE_ONLY___  
2025-03-04 13:18:15,632 INFO     ___FILE_ONLY___ │
2025-03-04 13:18:15,632 INFO     ___FILE_ONLY___ 

2025-03-04 13:18:15,632 INFO     ___FILE_ONLY___ │ 
2025-03-04 13:18:15,632 INFO     ___FILE_ONLY___ Installed    
2025-03-04 13:18:15,632 INFO     ___FILE_ONLY___  
2025-03-04 13:18:15,632 INFO     ___FILE_ONLY___ │ 
2025-03-04 13:18:15,632 INFO     ___FILE_ONLY___ Google Cloud CLI Core Libraries                     
2025-03-04 13:18:15,632 INFO     ___FILE_ONLY___  
2025-03-04 13:18:15,632 INFO     ___FILE_ONLY___ │ 
2025-03-04 13:18:15,632 INFO     ___FILE_ONLY___ core                        
2025-03-04 13:18:15,632 INFO     ___FILE_ONLY___  
2025-03-04 13:18:15,632 INFO     ___FILE_ONLY___ │ 
2025-03-04 13:18:15,632 INFO     ___FILE_ONLY___  21.0 MiB
2025-03-04 13:18:15,632 INFO     ___FILE_ONLY___  
2025-03-04 13:18:15,632 INFO     ___FILE_ONLY___ │
2025-03-04 13:18:15,632 INFO     ___FILE_ONLY___ 

2025-03-04 13:18:15,632 INFO     ___FILE_ONLY___ │ 
2025-03-04 13:18:15,632 INFO     ___FILE_ONLY___ Installed    
2025-03-04 13:18:15,632 INFO     ___FILE_ONLY___  
2025-03-04 13:18:15,632 INFO     ___FILE_ONLY___ │ 
2025-03-04 13:18:15,632 INFO     ___FILE_ONLY___ Google Cloud CRC32C Hash Tool                       
2025-03-04 13:18:15,632 INFO     ___FILE_ONLY___  
2025-03-04 13:18:15,632 INFO     ___FILE_ONLY___ │ 
2025-03-04 13:18:15,632 INFO     ___FILE_ONLY___ gcloud-crc32c               
2025-03-04 13:18:15,632 INFO     ___FILE_ONLY___  
2025-03-04 13:18:15,632 INFO     ___FILE_ONLY___ │ 
2025-03-04 13:18:15,632 INFO     ___FILE_ONLY___   1.4 MiB
2025-03-04 13:18:15,632 INFO     ___FILE_ONLY___  
2025-03-04 13:18:15,632 INFO     ___FILE_ONLY___ │
2025-03-04 13:18:15,632 INFO     ___FILE_ONLY___ 

2025-03-04 13:18:15,632 INFO     ___FILE_ONLY___ └───────────────┴──────────────────────────────────────────────────────┴──────────────────────────────┴───────────┘
2025-03-04 13:18:15,632 INFO     ___FILE_ONLY___ 

2025-03-04 13:18:15,632 INFO     ___FILE_ONLY___ To install or remove components at your current SDK version [512.0.0], run:
  $ gcloud components install COMPONENT_ID
  $ gcloud components remove COMPONENT_ID

To update your SDK installation to the latest version [512.0.0], run:
  $ gcloud components update


